!SESSION 2015-06-28 01:45:15.392 -----------------------------------------------
eclipse.buildId=4.3.0.I20130605-2000
java.version=1.7.0_76
java.vendor=Oracle Corporation
BootLoader constants: OS=win32, ARCH=x86_64, WS=win32, NL=ru_RU
Framework arguments:  -product org.eclipse.epp.package.standard.product
Command-line arguments:  -os win32 -ws win32 -arch x86_64 -product org.eclipse.epp.package.standard.product

!ENTRY org.eclipse.egit.ui 2 0 2015-06-28 01:48:43.963
!MESSAGE Warning: EGit couldn't detect the installation path "gitPrefix" of native Git. Hence EGit can't respect system level
Git settings which might be configured in ${gitPrefix}/etc/gitconfig under the native Git installation directory.
The most important of these settings is core.autocrlf. Git for Windows by default sets this parameter to true in
this system level configuration. The Git installation location can be configured on the
Team > Git > Configuration preference page's 'System Settings' tab.
This warning can be switched off on the Team > Git > Confirmations and Warnings preference page.

!ENTRY org.eclipse.egit.ui 2 0 2015-06-28 01:48:43.967
!MESSAGE Warning: The environment variable HOME is not set. The following directory will be used to store the Git
user global configuration and to define the default location to store repositories: 'C:\Users\Olga'. If this is
not correct please set the HOME environment variable and restart Eclipse. Otherwise Git for Windows and
EGit might behave differently since they see different configuration options.
This warning can be switched off on the Team > Git > Confirmations and Warnings preference page.
!SESSION 2015-06-28 03:00:59.333 -----------------------------------------------
eclipse.buildId=4.3.0.I20130605-2000
java.version=1.7.0_76
java.vendor=Oracle Corporation
BootLoader constants: OS=win32, ARCH=x86_64, WS=win32, NL=ru_RU
Framework arguments:  -product org.eclipse.epp.package.standard.product
Command-line arguments:  -os win32 -ws win32 -arch x86_64 -product org.eclipse.epp.package.standard.product

!ENTRY org.eclipse.egit.ui 2 0 2015-06-28 03:01:24.193
!MESSAGE Warning: EGit couldn't detect the installation path "gitPrefix" of native Git. Hence EGit can't respect system level
Git settings which might be configured in ${gitPrefix}/etc/gitconfig under the native Git installation directory.
The most important of these settings is core.autocrlf. Git for Windows by default sets this parameter to true in
this system level configuration. The Git installation location can be configured on the
Team > Git > Configuration preference page's 'System Settings' tab.
This warning can be switched off on the Team > Git > Confirmations and Warnings preference page.

!ENTRY org.eclipse.egit.ui 2 0 2015-06-28 03:01:24.196
!MESSAGE Warning: The environment variable HOME is not set. The following directory will be used to store the Git
user global configuration and to define the default location to store repositories: 'C:\Users\Olga'. If this is
not correct please set the HOME environment variable and restart Eclipse. Otherwise Git for Windows and
EGit might behave differently since they see different configuration options.
This warning can be switched off on the Team > Git > Confirmations and Warnings preference page.

!ENTRY org.testng.eclipse 1 0 2015-06-28 03:04:22.551
!MESSAGE [TestNGLaunchConfigurationDelegate] Launching:
  Classpath: C:\Users\Olga\Documents\GitHub\test-javatesting\addressbook_test_project\bin D:\Olly's documents\Distributives\Selenium\selenium-server-standalone-2.46.0.jar
  VMArgs:    -ea
  Class:     org.testng.remote.RemoteTestNG
  Args:      -serport 62270 -d C:\Users\Olga\Documents\GitHub\test-javatesting\addressbook_test_project\test-output C:\Users\Olga\AppData\Local\Temp\testng-eclipse-7029296\testng-customsuite.xml
java -ea -classpath C:\Users\Olga\Documents\GitHub\test-javatesting\addressbook_test_project\bin:D:\Olly's documents\Distributives\Selenium\selenium-server-standalone-2.46.0.jar org.testng.remote.RemoteTestNG -serport 62270 -d C:\Users\Olga\Documents\GitHub\test-javatesting\addressbook_test_project\test-output C:\Users\Olga\AppData\Local\Temp\testng-eclipse-7029296\testng-customsuite.xml

!ENTRY org.testng.eclipse 1 0 2015-06-28 03:11:50.309
!MESSAGE [TestNGLaunchShortcut] Examining Java element:com.example.tests [in src [in addressbook_test_project]]
  GroupData.java
    package com.example.tests
    class GroupData
      String name
      String header
      String footer
      GroupData(String, String, String)
      GroupData()
  [Working copy] UserGroupCreating.java
    package com.example.tests
    import java.util.regex.Pattern
    import java.util.concurrent.TimeUnit
    import org.junit.Assert.*
    import org.hamcrest.CoreMatchers.*
    import org.openqa.selenium.*
    import org.openqa.selenium.firefox.FirefoxDriver
    import org.openqa.selenium.support.ui.Select
    import org.testng.annotations.AfterClass
    import org.testng.annotations.BeforeClass
    import org.testng.annotations.Test
    class UserGroupCreating
      WebDriver driver
      String baseUrl
      boolean acceptNextAlert
      StringBuffer verificationErrors
      void setUp()
      void nonEmptyUserGroupCreation()
      void emptyUserGroupCreation()
      void returnMainPage()
      void submitGroupCreation()
      void fillGroupForm(GroupData)
      void initGroupCreation()
      void openGroupPage()
      void openMainPage()
      void tearDown()
      boolean isElementPresent(By)
      boolean isAlertPresent()
      String closeAlertAndGetItsText()
  AlsoUserGroupCreating.java (not open)

!ENTRY org.testng.eclipse 1 0 2015-06-28 03:11:50.385
!MESSAGE [TestNGLaunchConfigurationDelegate] Launching:
  Classpath: C:\Users\Olga\Documents\GitHub\test-javatesting\addressbook_test_project\bin D:\Olly's documents\Distributives\Selenium\selenium-server-standalone-2.46.0.jar
  VMArgs:    -ea
  Class:     org.testng.remote.RemoteTestNG
  Args:      -serport 62409 -d C:\Users\Olga\Documents\GitHub\test-javatesting\addressbook_test_project\test-output C:\Users\Olga\AppData\Local\Temp\testng-eclipse--132434817\testng-customsuite.xml
java -ea -classpath C:\Users\Olga\Documents\GitHub\test-javatesting\addressbook_test_project\bin:D:\Olly's documents\Distributives\Selenium\selenium-server-standalone-2.46.0.jar org.testng.remote.RemoteTestNG -serport 62409 -d C:\Users\Olga\Documents\GitHub\test-javatesting\addressbook_test_project\test-output C:\Users\Olga\AppData\Local\Temp\testng-eclipse--132434817\testng-customsuite.xml

!ENTRY org.testng.eclipse 1 0 2015-06-28 03:31:54.693
!MESSAGE [TestNGLaunchShortcut] Examining Java element:com.example.tests [in src [in addressbook_test_project]]
  GroupData.java
    package com.example.tests
    class GroupData
      String name
      String header
      String footer
      GroupData(String, String, String)
      GroupData()
  [Working copy] UserGroupCreating.java
    package com.example.tests
    import org.testng.annotations.Test
    class UserGroupCreating
      void nonEmptyUserGroupCreation()
      void emptyUserGroupCreation()
  [Working copy] AlsoUserGroupCreating.java
    package com.example.tests
    import org.testng.annotations.Test
    class AlsoUserGroupCreating
      void nonEmptyUserGroupCreation()
      void emptyUserGroupCreation()
  [Working copy] TestBase.java
    package com.example.tests
    import org.junit.Assert.fail
    import java.util.concurrent.TimeUnit
    import org.openqa.selenium.Alert
    import org.openqa.selenium.By
    import org.openqa.selenium.NoAlertPresentException
    import org.openqa.selenium.NoSuchElementException
    import org.openqa.selenium.WebDriver
    import org.openqa.selenium.firefox.FirefoxDriver
    import org.testng.annotations.AfterClass
    import org.testng.annotations.AfterTest
    import org.testng.annotations.BeforeClass
    import org.testng.annotations.BeforeTest
    class TestBase
      WebDriver driver
      String baseUrl
      boolean acceptNextAlert
      StringBuffer verificationErrors
      void setUp()
      void returnMainPage()
      void submitGroupCreation()
      void fillGroupForm(GroupData)
      void initGroupCreation()
      void openGroupPage()
      void openMainPage()
      void tearDown()
      boolean isElementPresent(By)
      boolean isAlertPresent()
      String closeAlertAndGetItsText()

!ENTRY org.testng.eclipse 1 0 2015-06-28 03:31:57.055
!MESSAGE [TestNGLaunchConfigurationDelegate] Launching:
  Classpath: C:\Users\Olga\Documents\GitHub\test-javatesting\addressbook_test_project\bin D:\Olly's documents\Distributives\Selenium\selenium-server-standalone-2.46.0.jar
  VMArgs:    -ea
  Class:     org.testng.remote.RemoteTestNG
  Args:      -serport 62808 -d C:\Users\Olga\Documents\GitHub\test-javatesting\addressbook_test_project\test-output C:\Users\Olga\AppData\Local\Temp\testng-eclipse-1993663534\testng-customsuite.xml
java -ea -classpath C:\Users\Olga\Documents\GitHub\test-javatesting\addressbook_test_project\bin:D:\Olly's documents\Distributives\Selenium\selenium-server-standalone-2.46.0.jar org.testng.remote.RemoteTestNG -serport 62808 -d C:\Users\Olga\Documents\GitHub\test-javatesting\addressbook_test_project\test-output C:\Users\Olga\AppData\Local\Temp\testng-eclipse-1993663534\testng-customsuite.xml

!ENTRY org.testng.eclipse 1 0 2015-06-28 03:34:04.412
!MESSAGE [TestNGLaunchShortcut] Examining Java element:[Working copy] UserGroupCreating.java [in com.example.tests [in src [in addressbook_test_project]]]
  package com.example.tests
  import org.testng.annotations.Test
  class UserGroupCreating
    void nonEmptyUserGroupCreation()
    void emptyUserGroupCreation()

!ENTRY org.testng.eclipse 1 0 2015-06-28 03:34:04.435
!MESSAGE [TestNGLaunchConfigurationDelegate] Launching:
  Classpath: C:\Users\Olga\Documents\GitHub\test-javatesting\addressbook_test_project\bin D:\Olly's documents\Distributives\Selenium\selenium-server-standalone-2.46.0.jar
  VMArgs:    -ea
  Class:     org.testng.remote.RemoteTestNG
  Args:      -serport 62917 -d C:\Users\Olga\Documents\GitHub\test-javatesting\addressbook_test_project\test-output C:\Users\Olga\AppData\Local\Temp\testng-eclipse-1303945030\testng-customsuite.xml
java -ea -classpath C:\Users\Olga\Documents\GitHub\test-javatesting\addressbook_test_project\bin:D:\Olly's documents\Distributives\Selenium\selenium-server-standalone-2.46.0.jar org.testng.remote.RemoteTestNG -serport 62917 -d C:\Users\Olga\Documents\GitHub\test-javatesting\addressbook_test_project\test-output C:\Users\Olga\AppData\Local\Temp\testng-eclipse-1303945030\testng-customsuite.xml

!ENTRY org.testng.eclipse 1 0 2015-06-28 03:34:17.954
!MESSAGE [TestNGLaunchShortcut] Examining Java element:com.example.tests [in src [in addressbook_test_project]]
  GroupData.java
    package com.example.tests
    class GroupData
      String name
      String header
      String footer
      GroupData(String, String, String)
      GroupData()
  [Working copy] UserGroupCreating.java
    package com.example.tests
    import org.testng.annotations.Test
    class UserGroupCreating
      void nonEmptyUserGroupCreation()
      void emptyUserGroupCreation()
  [Working copy] AlsoUserGroupCreating.java
    package com.example.tests
    import org.testng.annotations.Test
    class AlsoUserGroupCreating
      void nonEmptyUserGroupCreation()
      void emptyUserGroupCreation()
  [Working copy] TestBase.java
    package com.example.tests
    import org.junit.Assert.fail
    import java.util.concurrent.TimeUnit
    import org.openqa.selenium.Alert
    import org.openqa.selenium.By
    import org.openqa.selenium.NoAlertPresentException
    import org.openqa.selenium.NoSuchElementException
    import org.openqa.selenium.WebDriver
    import org.openqa.selenium.firefox.FirefoxDriver
    import org.testng.annotations.AfterClass
    import org.testng.annotations.AfterTest
    import org.testng.annotations.BeforeClass
    import org.testng.annotations.BeforeTest
    class TestBase
      WebDriver driver
      String baseUrl
      boolean acceptNextAlert
      StringBuffer verificationErrors
      void setUp()
      void returnMainPage()
      void submitGroupCreation()
      void fillGroupForm(GroupData)
      void initGroupCreation()
      void openGroupPage()
      void openMainPage()
      void tearDown()
      boolean isElementPresent(By)
      boolean isAlertPresent()
      String closeAlertAndGetItsText()

!ENTRY org.testng.eclipse 1 0 2015-06-28 03:34:17.978
!MESSAGE [TestNGLaunchConfigurationDelegate] Launching:
  Classpath: C:\Users\Olga\Documents\GitHub\test-javatesting\addressbook_test_project\bin D:\Olly's documents\Distributives\Selenium\selenium-server-standalone-2.46.0.jar
  VMArgs:    -ea
  Class:     org.testng.remote.RemoteTestNG
  Args:      -serport 62994 -d C:\Users\Olga\Documents\GitHub\test-javatesting\addressbook_test_project\test-output C:\Users\Olga\AppData\Local\Temp\testng-eclipse-519673529\testng-customsuite.xml
java -ea -classpath C:\Users\Olga\Documents\GitHub\test-javatesting\addressbook_test_project\bin:D:\Olly's documents\Distributives\Selenium\selenium-server-standalone-2.46.0.jar org.testng.remote.RemoteTestNG -serport 62994 -d C:\Users\Olga\Documents\GitHub\test-javatesting\addressbook_test_project\test-output C:\Users\Olga\AppData\Local\Temp\testng-eclipse-519673529\testng-customsuite.xml

!ENTRY org.testng.eclipse 1 0 2015-06-28 03:39:10.070
!MESSAGE [TestNGLaunchShortcut] Examining Java element:com.example.tests [in src [in addressbook_test_project]]
  GroupData.java
    package com.example.tests
    class GroupData
      String name
      String header
      String footer
      GroupData(String, String, String)
      GroupData()
  [Working copy] UserGroupCreating.java
    package com.example.tests
    import org.testng.annotations.Test
    class UserGroupCreating
      void nonEmptyUserGroupCreation()
      void emptyUserGroupCreation()
  [Working copy] AlsoUserGroupCreating.java
    package com.example.tests
    import org.testng.annotations.Test
    class AlsoUserGroupCreating
      void nonEmptyUserGroupCreation()
      void emptyUserGroupCreation()
  [Working copy] TestBase.java
    package com.example.tests
    import org.junit.Assert.fail
    import java.util.concurrent.TimeUnit
    import org.openqa.selenium.Alert
    import org.openqa.selenium.By
    import org.openqa.selenium.NoAlertPresentException
    import org.openqa.selenium.NoSuchElementException
    import org.openqa.selenium.WebDriver
    import org.openqa.selenium.firefox.FirefoxDriver
    import org.testng.annotations.AfterClass
    import org.testng.annotations.AfterTest
    import org.testng.annotations.BeforeClass
    import org.testng.annotations.BeforeTest
    class TestBase
      WebDriver driver
      String baseUrl
      boolean acceptNextAlert
      StringBuffer verificationErrors
      void setUp()
      void returnMainPage()
      void submitGroupCreation()
      void fillGroupForm(GroupData)
      void initGroupCreation()
      void openGroupPage()
      void openMainPage()
      void tearDown()
      boolean isElementPresent(By)
      boolean isAlertPresent()
      String closeAlertAndGetItsText()

!ENTRY org.testng.eclipse 1 0 2015-06-28 03:39:10.101
!MESSAGE [TestNGLaunchConfigurationDelegate] Launching:
  Classpath: C:\Users\Olga\Documents\GitHub\test-javatesting\addressbook_test_project\bin D:\Olly's documents\Distributives\Selenium\selenium-server-standalone-2.46.0.jar
  VMArgs:    -ea
  Class:     org.testng.remote.RemoteTestNG
  Args:      -serport 63131 -d C:\Users\Olga\Documents\GitHub\test-javatesting\addressbook_test_project\test-output C:\Users\Olga\AppData\Local\Temp\testng-eclipse--1877683187\testng-customsuite.xml
java -ea -classpath C:\Users\Olga\Documents\GitHub\test-javatesting\addressbook_test_project\bin:D:\Olly's documents\Distributives\Selenium\selenium-server-standalone-2.46.0.jar org.testng.remote.RemoteTestNG -serport 63131 -d C:\Users\Olga\Documents\GitHub\test-javatesting\addressbook_test_project\test-output C:\Users\Olga\AppData\Local\Temp\testng-eclipse--1877683187\testng-customsuite.xml

!ENTRY org.testng.eclipse 1 0 2015-06-29 23:06:03.770
!MESSAGE [TestNGLaunchConfigurationDelegate] Launching:
  Classpath: C:\Users\Olga\Documents\GitHub\test-javatesting\addressbook_test_project\bin D:\Olly's documents\Distributives\Selenium\selenium-server-standalone-2.46.0.jar
  VMArgs:    -ea
  Class:     org.testng.remote.RemoteTestNG
  Args:      -serport 60349 -d C:\Users\Olga\Documents\GitHub\test-javatesting\addressbook_test_project\test-output C:\Users\Olga\AppData\Local\Temp\testng-eclipse--466127423\testng-customsuite.xml
java -ea -classpath C:\Users\Olga\Documents\GitHub\test-javatesting\addressbook_test_project\bin:D:\Olly's documents\Distributives\Selenium\selenium-server-standalone-2.46.0.jar org.testng.remote.RemoteTestNG -serport 60349 -d C:\Users\Olga\Documents\GitHub\test-javatesting\addressbook_test_project\test-output C:\Users\Olga\AppData\Local\Temp\testng-eclipse--466127423\testng-customsuite.xml

!ENTRY org.testng.eclipse 1 0 2015-06-29 23:22:02.268
!MESSAGE [TestNGLaunchShortcut] Examining Java element:com.example.tests [in src [in addressbook_test_project]]
  [Working copy] TestBase.java
    package com.example.tests
    import org.junit.Assert.fail
    import java.util.concurrent.TimeUnit
    import org.openqa.selenium.Alert
    import org.openqa.selenium.By
    import org.openqa.selenium.NoAlertPresentException
    import org.openqa.selenium.NoSuchElementException
    import org.openqa.selenium.WebDriver
    import org.openqa.selenium.firefox.FirefoxDriver
    import org.openqa.selenium.support.ui.Select
    import org.testng.annotations.AfterClass
    import org.testng.annotations.AfterTest
    import org.testng.annotations.BeforeClass
    import org.testng.annotations.BeforeTest
    class TestBase
      WebDriver driver
      String baseUrl
      boolean acceptNextAlert
      StringBuffer verificationErrors
      void returnMainPage()
      void submitGroupCreation()
      void fillGroupForm(GroupData)
      void initGroupCreation()
      void openGroupPage()
      void openMainPage()
      void tearDown()
      boolean isElementPresent(By)
      boolean isAlertPresent()
      String closeAlertAndGetItsText()
      void setUp()
      void returnToMainPage()
      void submitContactCreation()
      void fillContactForm(ContactData)
      void initContactCreation()
  [Working copy] GroupData.java
    package com.example.tests
    class GroupData
      String name
      String header
      String footer
      GroupData(String, String, String)
      GroupData()
  [Working copy] UserGroupCreating.java
    package com.example.tests
    import org.testng.annotations.Test
    class UserGroupCreating
      void nonEmptyUserGroupCreation()
      void emptyUserGroupCreation()
  [Working copy] AlsoUserGroupCreating.java
    package com.example.tests
    import org.testng.annotations.Test
    class AlsoUserGroupCreating
      void nonEmptyUserGroupCreation()
      void emptyUserGroupCreation()
  [Working copy] ContactCreation.java
    package com.example.tests
    import org.testng.annotations.Test
    class ContactCreation
      void nonEmptyContactCreation()
      void emptyContactCreation()
  [Working copy] ContactData.java
    package com.example.tests
    class ContactData
      String firstname
      String lastname
      String address1
      String home
      String mobile
      String work
      String email1
      String email2
      String bday
      String bmonth
      String byear
      String group
      String address2
      String phone
      ContactData(String, String, String, String, String, String, String, String, String, String, String, String, String, String)
      ContactData()

!ENTRY org.testng.eclipse 1 0 2015-06-29 23:22:08.821
!MESSAGE [TestNGLaunchConfigurationDelegate] Launching:
  Classpath: C:\Users\Olga\Documents\GitHub\test-javatesting\addressbook_test_project\bin D:\Olly's documents\Distributives\Selenium\selenium-server-standalone-2.46.0.jar
  VMArgs:    -ea
  Class:     org.testng.remote.RemoteTestNG
  Args:      -serport 60883 -d C:\Users\Olga\Documents\GitHub\test-javatesting\addressbook_test_project\test-output C:\Users\Olga\AppData\Local\Temp\testng-eclipse-1816226599\testng-customsuite.xml
java -ea -classpath C:\Users\Olga\Documents\GitHub\test-javatesting\addressbook_test_project\bin:D:\Olly's documents\Distributives\Selenium\selenium-server-standalone-2.46.0.jar org.testng.remote.RemoteTestNG -serport 60883 -d C:\Users\Olga\Documents\GitHub\test-javatesting\addressbook_test_project\test-output C:\Users\Olga\AppData\Local\Temp\testng-eclipse-1816226599\testng-customsuite.xml

!ENTRY org.testng.eclipse 1 0 2015-06-29 23:25:09.698
!MESSAGE [TestNGLaunchShortcut] Examining Java element:com.example.tests [in src [in addressbook_test_project]]
  [Working copy] TestBase.java
    package com.example.tests
    import org.junit.Assert.fail
    import java.util.concurrent.TimeUnit
    import org.openqa.selenium.Alert
    import org.openqa.selenium.By
    import org.openqa.selenium.NoAlertPresentException
    import org.openqa.selenium.NoSuchElementException
    import org.openqa.selenium.WebDriver
    import org.openqa.selenium.firefox.FirefoxDriver
    import org.openqa.selenium.support.ui.Select
    import org.testng.annotations.AfterClass
    import org.testng.annotations.AfterTest
    import org.testng.annotations.BeforeClass
    import org.testng.annotations.BeforeTest
    class TestBase
      WebDriver driver
      String baseUrl
      boolean acceptNextAlert
      StringBuffer verificationErrors
      void returnMainPage()
      void submitGroupCreation()
      void fillGroupForm(GroupData)
      void initGroupCreation()
      void openGroupPage()
      void openMainPage()
      boolean isElementPresent(By)
      boolean isAlertPresent()
      String closeAlertAndGetItsText()
      void setUp()
      void tearDown()
      void returnToMainPage()
      void submitContactCreation()
      void fillContactForm(ContactData)
      void initContactCreation()
  [Working copy] GroupData.java
    package com.example.tests
    class GroupData
      String name
      String header
      String footer
      GroupData(String, String, String)
      GroupData()
  [Working copy] UserGroupCreating.java
    package com.example.tests
    import org.testng.annotations.Test
    class UserGroupCreating
      void nonEmptyUserGroupCreation()
      void emptyUserGroupCreation()
  [Working copy] AlsoUserGroupCreating.java
    package com.example.tests
    import org.testng.annotations.Test
    class AlsoUserGroupCreating
      void nonEmptyUserGroupCreation()
      void emptyUserGroupCreation()
  [Working copy] ContactCreation.java
    package com.example.tests
    import org.testng.annotations.Test
    class ContactCreation
      void nonEmptyContactCreation()
      void emptyContactCreation()
  [Working copy] ContactData.java
    package com.example.tests
    class ContactData
      String firstname
      String lastname
      String address1
      String home
      String mobile
      String work
      String email1
      String email2
      String bday
      String bmonth
      String byear
      String group
      String address2
      String phone
      ContactData(String, String, String, String, String, String, String, String, String, String, String, String, String, String)
      ContactData()

!ENTRY org.testng.eclipse 1 0 2015-06-29 23:25:10.809
!MESSAGE [TestNGLaunchConfigurationDelegate] Launching:
  Classpath: C:\Users\Olga\Documents\GitHub\test-javatesting\addressbook_test_project\bin D:\Olly's documents\Distributives\Selenium\selenium-server-standalone-2.46.0.jar
  VMArgs:    -ea
  Class:     org.testng.remote.RemoteTestNG
  Args:      -serport 61226 -d C:\Users\Olga\Documents\GitHub\test-javatesting\addressbook_test_project\test-output C:\Users\Olga\AppData\Local\Temp\testng-eclipse--896608891\testng-customsuite.xml
java -ea -classpath C:\Users\Olga\Documents\GitHub\test-javatesting\addressbook_test_project\bin:D:\Olly's documents\Distributives\Selenium\selenium-server-standalone-2.46.0.jar org.testng.remote.RemoteTestNG -serport 61226 -d C:\Users\Olga\Documents\GitHub\test-javatesting\addressbook_test_project\test-output C:\Users\Olga\AppData\Local\Temp\testng-eclipse--896608891\testng-customsuite.xml

!ENTRY org.testng.eclipse 1 0 2015-06-29 23:36:40.498
!MESSAGE [TestNGLaunchShortcut] Examining Java element:com.example.tests [in src [in addressbook_test_project]]
  [Working copy] TestBase.java
    package com.example.tests
    import org.junit.Assert.fail
    import java.util.concurrent.TimeUnit
    import org.openqa.selenium.Alert
    import org.openqa.selenium.By
    import org.openqa.selenium.NoAlertPresentException
    import org.openqa.selenium.NoSuchElementException
    import org.openqa.selenium.WebDriver
    import org.openqa.selenium.firefox.FirefoxDriver
    import org.openqa.selenium.support.ui.Select
    import org.testng.annotations.AfterClass
    import org.testng.annotations.AfterTest
    import org.testng.annotations.BeforeClass
    import org.testng.annotations.BeforeTest
    class TestBase
      WebDriver driver
      String baseUrl
      boolean acceptNextAlert
      StringBuffer verificationErrors
      void returnMainPage()
      void submitGroupCreation()
      void fillGroupForm(GroupData)
      void initGroupCreation()
      void openGroupPage()
      void openMainPage()
      boolean isElementPresent(By)
      boolean isAlertPresent()
      String closeAlertAndGetItsText()
      void setUp()
      void tearDown()
      void returnToMainPage()
      void submitContactCreation()
      void fillContactForm(ContactData)
      void initContactCreation()
  [Working copy] GroupData.java
    package com.example.tests
    class GroupData
      String name
      String header
      String footer
      GroupData(String, String, String)
      GroupData()
  [Working copy] UserGroupCreating.java
    package com.example.tests
    import org.testng.annotations.Test
    class UserGroupCreating
      void nonEmptyUserGroupCreation()
      void emptyUserGroupCreation()
  [Working copy] AlsoUserGroupCreating.java
    package com.example.tests
    import org.testng.annotations.Test
    class AlsoUserGroupCreating
      void nonEmptyUserGroupCreation()
      void emptyUserGroupCreation()
  [Working copy] ContactCreation.java
    package com.example.tests
    import org.testng.annotations.Test
    class ContactCreation
      void nonEmptyContactCreation()
      void emptyContactCreation()
  [Working copy] ContactData.java
    package com.example.tests
    class ContactData
      String firstname
      String lastname
      String address1
      String home
      String mobile
      String work
      String email1
      String email2
      String bday
      String bmonth
      String byear
      String group
      String address2
      String phone
      ContactData(String, String, String, String, String, String, String, String, String, String, String, String, String, String)
      ContactData()

!ENTRY org.testng.eclipse 1 0 2015-06-29 23:36:40.521
!MESSAGE [TestNGLaunchConfigurationDelegate] Launching:
  Classpath: C:\Users\Olga\Documents\GitHub\test-javatesting\addressbook_test_project\bin D:\Olly's documents\Distributives\Selenium\selenium-server-standalone-2.46.0.jar
  VMArgs:    -ea
  Class:     org.testng.remote.RemoteTestNG
  Args:      -serport 61772 -d C:\Users\Olga\Documents\GitHub\test-javatesting\addressbook_test_project\test-output C:\Users\Olga\AppData\Local\Temp\testng-eclipse--1660077942\testng-customsuite.xml
java -ea -classpath C:\Users\Olga\Documents\GitHub\test-javatesting\addressbook_test_project\bin:D:\Olly's documents\Distributives\Selenium\selenium-server-standalone-2.46.0.jar org.testng.remote.RemoteTestNG -serport 61772 -d C:\Users\Olga\Documents\GitHub\test-javatesting\addressbook_test_project\test-output C:\Users\Olga\AppData\Local\Temp\testng-eclipse--1660077942\testng-customsuite.xml

!ENTRY org.testng.eclipse 1 0 2015-07-02 01:47:40.903
!MESSAGE [TestNGLaunchShortcut] Examining Java element:com.example.tests [in src [in addressbook_test_project]]
  ContactData.java
    package com.example.tests
    class ContactData
      String firstname
      String lastname
      String address1
      String home
      String mobile
      String work
      String email1
      String email2
      String bday
      String bmonth
      String byear
      String group
      String address2
      String phone
      ContactData(String, String, String, String, String, String, String, String, String, String, String, String, String, String)
      ContactData()
  TestBase.java
    package com.example.tests
    import org.testng.annotations.AfterTest
    import org.testng.annotations.BeforeTest
    import com.example.fw.ApplicationManager
    class TestBase
      ApplicationManager app
      void setUp()
      void tearDown()
  GroupData.java
    package com.example.tests
    class GroupData
      String name
      String header
      String footer
      GroupData(String, String, String)
      GroupData()
  UserGroupCreating.java (not open)
  AlsoUserGroupCreating.java (not open)
  [Working copy] ContactCreation.java
    package com.example.tests
    import org.testng.annotations.Test
    class ContactCreation
      void nonEmptyContactCreation()
      void emptyContactCreation()

!ENTRY org.testng.eclipse 1 0 2015-07-02 01:47:43.034
!MESSAGE [TestNGLaunchConfigurationDelegate] Launching:
  Classpath: C:\Users\Olga\Documents\GitHub\test-javatesting\addressbook_test_project\bin D:\Olly's documents\Distributives\Selenium\selenium-server-standalone-2.46.0.jar
  VMArgs:    -ea
  Class:     org.testng.remote.RemoteTestNG
  Args:      -serport 63786 -d C:\Users\Olga\Documents\GitHub\test-javatesting\addressbook_test_project\test-output C:\Users\Olga\AppData\Local\Temp\testng-eclipse--652561827\testng-customsuite.xml
java -ea -classpath C:\Users\Olga\Documents\GitHub\test-javatesting\addressbook_test_project\bin:D:\Olly's documents\Distributives\Selenium\selenium-server-standalone-2.46.0.jar org.testng.remote.RemoteTestNG -serport 63786 -d C:\Users\Olga\Documents\GitHub\test-javatesting\addressbook_test_project\test-output C:\Users\Olga\AppData\Local\Temp\testng-eclipse--652561827\testng-customsuite.xml

!ENTRY org.testng.eclipse 1 0 2015-07-02 01:51:46.534
!MESSAGE [TestNGLaunchShortcut] Examining Java element:com.example.tests [in src [in addressbook_test_project]]
  ContactData.java
    package com.example.tests
    class ContactData
      String firstname
      String lastname
      String address1
      String home
      String mobile
      String work
      String email1
      String email2
      String bday
      String bmonth
      String byear
      String group
      String address2
      String phone
      ContactData(String, String, String, String, String, String, String, String, String, String, String, String, String, String)
      ContactData()
  TestBase.java
    package com.example.tests
    import org.testng.annotations.AfterTest
    import org.testng.annotations.BeforeTest
    import com.example.fw.ApplicationManager
    class TestBase
      ApplicationManager app
      void setUp()
      void tearDown()
  GroupData.java
    package com.example.tests
    class GroupData
      String name
      String header
      String footer
      GroupData(String, String, String)
      GroupData()
  UserGroupCreating.java
    package com.example.tests
    import org.testng.annotations.Test
    class UserGroupCreating
      void nonEmptyUserGroupCreation()
      void emptyUserGroupCreation()
  AlsoUserGroupCreating.java
    package com.example.tests
    import org.testng.annotations.Test
    class AlsoUserGroupCreating
      void nonEmptyUserGroupCreation()
      void emptyUserGroupCreation()
  [Working copy] ContactCreation.java
    package com.example.tests
    import org.testng.annotations.Test
    class ContactCreation
      void nonEmptyContactCreation()
      void emptyContactCreation()

!ENTRY org.testng.eclipse 1 0 2015-07-02 01:51:46.561
!MESSAGE [TestNGLaunchConfigurationDelegate] Launching:
  Classpath: C:\Users\Olga\Documents\GitHub\test-javatesting\addressbook_test_project\bin D:\Olly's documents\Distributives\Selenium\selenium-server-standalone-2.46.0.jar
  VMArgs:    -ea
  Class:     org.testng.remote.RemoteTestNG
  Args:      -serport 63837 -d C:\Users\Olga\Documents\GitHub\test-javatesting\addressbook_test_project\test-output C:\Users\Olga\AppData\Local\Temp\testng-eclipse--1818201566\testng-customsuite.xml
java -ea -classpath C:\Users\Olga\Documents\GitHub\test-javatesting\addressbook_test_project\bin:D:\Olly's documents\Distributives\Selenium\selenium-server-standalone-2.46.0.jar org.testng.remote.RemoteTestNG -serport 63837 -d C:\Users\Olga\Documents\GitHub\test-javatesting\addressbook_test_project\test-output C:\Users\Olga\AppData\Local\Temp\testng-eclipse--1818201566\testng-customsuite.xml

!ENTRY org.testng.eclipse 1 0 2015-07-02 02:48:17.213
!MESSAGE [TestNGLaunchShortcut] Examining Java element:UserGroupCreating.java [in com.example.tests [in src [in addressbook_test_project]]]
  package com.example.tests
  import org.testng.annotations.Test
  class UserGroupCreating
    void nonEmptyUserGroupCreation()
    void emptyUserGroupCreation()

!ENTRY org.testng.eclipse 1 0 2015-07-02 02:48:17.235
!MESSAGE [TestNGLaunchConfigurationDelegate] Launching:
  Classpath: C:\Users\Olga\Documents\GitHub\test-javatesting\addressbook_test_project\bin D:\Olly's documents\Distributives\Selenium\selenium-server-standalone-2.46.0.jar
  VMArgs:    -ea
  Class:     org.testng.remote.RemoteTestNG
  Args:      -serport 64352 -d C:\Users\Olga\Documents\GitHub\test-javatesting\addressbook_test_project\test-output C:\Users\Olga\AppData\Local\Temp\testng-eclipse-736639677\testng-customsuite.xml
java -ea -classpath C:\Users\Olga\Documents\GitHub\test-javatesting\addressbook_test_project\bin:D:\Olly's documents\Distributives\Selenium\selenium-server-standalone-2.46.0.jar org.testng.remote.RemoteTestNG -serport 64352 -d C:\Users\Olga\Documents\GitHub\test-javatesting\addressbook_test_project\test-output C:\Users\Olga\AppData\Local\Temp\testng-eclipse-736639677\testng-customsuite.xml

!ENTRY org.testng.eclipse 1 0 2015-07-04 21:04:11.272
!MESSAGE [TestNGLaunchShortcut] Examining Java element:UserGroupCreating.java [in com.example.tests [in src [in addressbook_test_project]]]
  package com.example.tests
  import org.testng.annotations.Test
  class UserGroupCreating
    void nonEmptyUserGroupCreation()
    void emptyUserGroupCreation()

!ENTRY org.testng.eclipse 1 0 2015-07-04 21:04:11.290
!MESSAGE [TestNGLaunchConfigurationDelegate] Launching:
  Classpath: C:\Users\Olga\Documents\GitHub\test-javatesting\addressbook_test_project\bin D:\Olly's documents\Distributives\Selenium\selenium-server-standalone-2.46.0.jar
  VMArgs:    -ea
  Class:     org.testng.remote.RemoteTestNG
  Args:      -serport 49200 -d C:\Users\Olga\Documents\GitHub\test-javatesting\addressbook_test_project\test-output C:\Users\Olga\AppData\Local\Temp\testng-eclipse-1355584601\testng-customsuite.xml
java -ea -classpath C:\Users\Olga\Documents\GitHub\test-javatesting\addressbook_test_project\bin:D:\Olly's documents\Distributives\Selenium\selenium-server-standalone-2.46.0.jar org.testng.remote.RemoteTestNG -serport 49200 -d C:\Users\Olga\Documents\GitHub\test-javatesting\addressbook_test_project\test-output C:\Users\Olga\AppData\Local\Temp\testng-eclipse-1355584601\testng-customsuite.xml

!ENTRY org.testng.eclipse 1 0 2015-07-04 21:12:04.980
!MESSAGE [TestNGLaunchShortcut] Examining Java element:[Working copy] UserGroupCreating.java [in com.example.tests [in src [in addressbook_test_project]]]
  package com.example.tests
  import org.testng.annotations.Test
  class UserGroupCreating
    void nonEmptyUserGroupCreation()
    void emptyUserGroupCreation()

!ENTRY org.testng.eclipse 1 0 2015-07-04 21:12:05.002
!MESSAGE [TestNGLaunchConfigurationDelegate] Launching:
  Classpath: C:\Users\Olga\Documents\GitHub\test-javatesting\addressbook_test_project\bin D:\Olly's documents\Distributives\Selenium\selenium-server-standalone-2.46.0.jar
  VMArgs:    -ea
  Class:     org.testng.remote.RemoteTestNG
  Args:      -serport 49653 -d C:\Users\Olga\Documents\GitHub\test-javatesting\addressbook_test_project\test-output C:\Users\Olga\AppData\Local\Temp\testng-eclipse--318596902\testng-customsuite.xml
java -ea -classpath C:\Users\Olga\Documents\GitHub\test-javatesting\addressbook_test_project\bin:D:\Olly's documents\Distributives\Selenium\selenium-server-standalone-2.46.0.jar org.testng.remote.RemoteTestNG -serport 49653 -d C:\Users\Olga\Documents\GitHub\test-javatesting\addressbook_test_project\test-output C:\Users\Olga\AppData\Local\Temp\testng-eclipse--318596902\testng-customsuite.xml

!ENTRY org.testng.eclipse 1 0 2015-07-04 21:30:22.244
!MESSAGE [TestNGLaunchShortcut] Examining Java element:[Working copy] UserGroupCreating.java [in com.example.tests [in src [in addressbook_test_project]]]
  package com.example.tests
  import org.testng.annotations.Test
  class UserGroupCreating
    void nonEmptyUserGroupCreation()
    void emptyUserGroupCreation()

!ENTRY org.testng.eclipse 1 0 2015-07-04 21:30:25.143
!MESSAGE [TestNGLaunchConfigurationDelegate] Launching:
  Classpath: C:\Users\Olga\Documents\GitHub\test-javatesting\addressbook_test_project\bin D:\Olly's documents\Distributives\Selenium\selenium-server-standalone-2.46.0.jar
  VMArgs:    -ea
  Class:     org.testng.remote.RemoteTestNG
  Args:      -serport 51236 -d C:\Users\Olga\Documents\GitHub\test-javatesting\addressbook_test_project\test-output C:\Users\Olga\AppData\Local\Temp\testng-eclipse-1309651697\testng-customsuite.xml
java -ea -classpath C:\Users\Olga\Documents\GitHub\test-javatesting\addressbook_test_project\bin:D:\Olly's documents\Distributives\Selenium\selenium-server-standalone-2.46.0.jar org.testng.remote.RemoteTestNG -serport 51236 -d C:\Users\Olga\Documents\GitHub\test-javatesting\addressbook_test_project\test-output C:\Users\Olga\AppData\Local\Temp\testng-eclipse-1309651697\testng-customsuite.xml

!ENTRY org.eclipse.jdt.debug 4 125 2015-07-04 21:49:22.449
!MESSAGE Internal error logged from JDI Debug: 
!STACK 1
org.eclipse.debug.core.DebugException: Invalid stack frame
	at org.eclipse.jdt.internal.debug.core.model.JDIStackFrame.getUnderlyingStackFrame(JDIStackFrame.java:1086)
	at org.eclipse.jdt.internal.debug.core.model.JDIStackFrame.getUnderlyingThisObject(JDIStackFrame.java:762)
	at org.eclipse.jdt.internal.debug.core.model.JDIStackFrame.getThis(JDIStackFrame.java:1154)
	at org.eclipse.jdt.internal.debug.ui.JavaDebugHover.getHoverInfo2(JavaDebugHover.java:362)
	at org.eclipse.jdt.internal.ui.text.java.hover.BestMatchHover.getHoverInfo2(BestMatchHover.java:163)
	at org.eclipse.jdt.internal.ui.text.java.hover.BestMatchHover.getHoverInfo2(BestMatchHover.java:129)
	at org.eclipse.jdt.internal.ui.text.java.hover.JavaEditorTextHoverProxy.getHoverInfo2(JavaEditorTextHoverProxy.java:85)
	at org.eclipse.jface.text.TextViewerHoverManager$4.run(TextViewerHoverManager.java:166)
!SUBENTRY 1 org.eclipse.jdt.debug 4 130 2015-07-04 21:49:22.451
!MESSAGE Invalid stack frame

!ENTRY org.eclipse.jdt.debug 4 125 2015-07-04 22:04:12.762
!MESSAGE Internal error logged from JDI Debug: 
!STACK 1
org.eclipse.debug.core.DebugException: Invalid stack frame
	at org.eclipse.jdt.internal.debug.core.model.JDIStackFrame.getUnderlyingStackFrame(JDIStackFrame.java:1086)
	at org.eclipse.jdt.internal.debug.core.model.JDIStackFrame.getUnderlyingThisObject(JDIStackFrame.java:762)
	at org.eclipse.jdt.internal.debug.core.model.JDIStackFrame.getThis(JDIStackFrame.java:1154)
	at org.eclipse.jdt.internal.debug.ui.JavaDebugHover.getHoverInfo2(JavaDebugHover.java:362)
	at org.eclipse.jdt.internal.ui.text.java.hover.BestMatchHover.getHoverInfo2(BestMatchHover.java:163)
	at org.eclipse.jdt.internal.ui.text.java.hover.BestMatchHover.getHoverInfo2(BestMatchHover.java:129)
	at org.eclipse.jdt.internal.ui.text.java.hover.JavaEditorTextHoverProxy.getHoverInfo2(JavaEditorTextHoverProxy.java:85)
	at org.eclipse.jface.text.TextViewerHoverManager$4.run(TextViewerHoverManager.java:166)
!SUBENTRY 1 org.eclipse.jdt.debug 4 130 2015-07-04 22:04:12.763
!MESSAGE Invalid stack frame

!ENTRY org.eclipse.jdt.debug 4 125 2015-07-04 22:09:19.794
!MESSAGE Internal error logged from JDI Debug: 
!STACK 1
org.eclipse.debug.core.DebugException: Invalid stack frame
	at org.eclipse.jdt.internal.debug.core.model.JDIStackFrame.getUnderlyingStackFrame(JDIStackFrame.java:1086)
	at org.eclipse.jdt.internal.debug.core.model.JDIStackFrame.getUnderlyingThisObject(JDIStackFrame.java:762)
	at org.eclipse.jdt.internal.debug.core.model.JDIStackFrame.getThis(JDIStackFrame.java:1154)
	at org.eclipse.jdt.internal.debug.ui.JavaDebugHover.getHoverInfo2(JavaDebugHover.java:362)
	at org.eclipse.jdt.internal.ui.text.java.hover.BestMatchHover.getHoverInfo2(BestMatchHover.java:163)
	at org.eclipse.jdt.internal.ui.text.java.hover.BestMatchHover.getHoverInfo2(BestMatchHover.java:129)
	at org.eclipse.jdt.internal.ui.text.java.hover.JavaEditorTextHoverProxy.getHoverInfo2(JavaEditorTextHoverProxy.java:85)
	at org.eclipse.jface.text.TextViewerHoverManager$4.run(TextViewerHoverManager.java:166)
!SUBENTRY 1 org.eclipse.jdt.debug 4 130 2015-07-04 22:09:19.794
!MESSAGE Invalid stack frame

!ENTRY org.eclipse.jdt.debug 4 125 2015-07-04 22:09:55.076
!MESSAGE Internal error logged from JDI Debug: 
!STACK 1
org.eclipse.debug.core.DebugException: Invalid stack frame
	at org.eclipse.jdt.internal.debug.core.model.JDIStackFrame.getUnderlyingStackFrame(JDIStackFrame.java:1086)
	at org.eclipse.jdt.internal.debug.core.model.JDIStackFrame.getUnderlyingThisObject(JDIStackFrame.java:762)
	at org.eclipse.jdt.internal.debug.core.model.JDIStackFrame.getThis(JDIStackFrame.java:1154)
	at org.eclipse.jdt.internal.debug.ui.JavaDebugHover.getHoverInfo2(JavaDebugHover.java:362)
	at org.eclipse.jdt.internal.ui.text.java.hover.BestMatchHover.getHoverInfo2(BestMatchHover.java:163)
	at org.eclipse.jdt.internal.ui.text.java.hover.BestMatchHover.getHoverInfo2(BestMatchHover.java:129)
	at org.eclipse.jdt.internal.ui.text.java.hover.JavaEditorTextHoverProxy.getHoverInfo2(JavaEditorTextHoverProxy.java:85)
	at org.eclipse.jface.text.TextViewerHoverManager$4.run(TextViewerHoverManager.java:166)
!SUBENTRY 1 org.eclipse.jdt.debug 4 130 2015-07-04 22:09:55.076
!MESSAGE Invalid stack frame

!ENTRY org.eclipse.jdt.debug 4 125 2015-07-04 22:10:11.638
!MESSAGE Internal error logged from JDI Debug: 
!STACK 1
org.eclipse.debug.core.DebugException: Invalid stack frame
	at org.eclipse.jdt.internal.debug.core.model.JDIStackFrame.getUnderlyingStackFrame(JDIStackFrame.java:1086)
	at org.eclipse.jdt.internal.debug.core.model.JDIStackFrame.getUnderlyingThisObject(JDIStackFrame.java:762)
	at org.eclipse.jdt.internal.debug.core.model.JDIStackFrame.getThis(JDIStackFrame.java:1154)
	at org.eclipse.jdt.internal.debug.ui.JavaDebugHover.getHoverInfo2(JavaDebugHover.java:362)
	at org.eclipse.jdt.internal.ui.text.java.hover.BestMatchHover.getHoverInfo2(BestMatchHover.java:163)
	at org.eclipse.jdt.internal.ui.text.java.hover.BestMatchHover.getHoverInfo2(BestMatchHover.java:129)
	at org.eclipse.jdt.internal.ui.text.java.hover.JavaEditorTextHoverProxy.getHoverInfo2(JavaEditorTextHoverProxy.java:85)
	at org.eclipse.jface.text.TextViewerHoverManager$4.run(TextViewerHoverManager.java:166)
!SUBENTRY 1 org.eclipse.jdt.debug 4 130 2015-07-04 22:10:11.638
!MESSAGE Invalid stack frame

!ENTRY org.eclipse.jdt.debug 4 125 2015-07-04 22:34:43.703
!MESSAGE Internal error logged from JDI Debug: 
!STACK 1
org.eclipse.debug.core.DebugException: Invalid stack frame
	at org.eclipse.jdt.internal.debug.core.model.JDIStackFrame.getUnderlyingStackFrame(JDIStackFrame.java:1086)
	at org.eclipse.jdt.internal.debug.core.model.JDIStackFrame.getUnderlyingThisObject(JDIStackFrame.java:762)
	at org.eclipse.jdt.internal.debug.core.model.JDIStackFrame.getThis(JDIStackFrame.java:1154)
	at org.eclipse.jdt.internal.debug.ui.JavaDebugHover.getHoverInfo2(JavaDebugHover.java:362)
	at org.eclipse.jdt.internal.ui.text.java.hover.BestMatchHover.getHoverInfo2(BestMatchHover.java:163)
	at org.eclipse.jdt.internal.ui.text.java.hover.BestMatchHover.getHoverInfo2(BestMatchHover.java:129)
	at org.eclipse.jdt.internal.ui.text.java.hover.JavaEditorTextHoverProxy.getHoverInfo2(JavaEditorTextHoverProxy.java:85)
	at org.eclipse.jface.text.TextViewerHoverManager$4.run(TextViewerHoverManager.java:166)
!SUBENTRY 1 org.eclipse.jdt.debug 4 130 2015-07-04 22:34:43.704
!MESSAGE Invalid stack frame

!ENTRY org.testng.eclipse 1 0 2015-07-04 23:17:10.294
!MESSAGE [TestNGLaunchShortcut] Examining Java element:[Working copy] GroupRemovalTests.java [in com.example.tests [in src [in addressbook_test_project]]]
  package com.example.tests
  import org.testng.annotations.Test
  class GroupRemovalTests
    void deleteSomeGroup()

!ENTRY org.testng.eclipse 1 0 2015-07-04 23:17:10.322
!MESSAGE [TestNGLaunchConfigurationDelegate] Launching:
  Classpath: C:\Users\Olga\Documents\GitHub\test-javatesting\addressbook_test_project\bin D:\Olly's documents\Distributives\Selenium\selenium-server-standalone-2.46.0.jar
  VMArgs:    -ea
  Class:     org.testng.remote.RemoteTestNG
  Args:      -serport 56617 -d C:\Users\Olga\Documents\GitHub\test-javatesting\addressbook_test_project\test-output C:\Users\Olga\AppData\Local\Temp\testng-eclipse-100734474\testng-customsuite.xml
java -ea -classpath C:\Users\Olga\Documents\GitHub\test-javatesting\addressbook_test_project\bin:D:\Olly's documents\Distributives\Selenium\selenium-server-standalone-2.46.0.jar org.testng.remote.RemoteTestNG -serport 56617 -d C:\Users\Olga\Documents\GitHub\test-javatesting\addressbook_test_project\test-output C:\Users\Olga\AppData\Local\Temp\testng-eclipse-100734474\testng-customsuite.xml

!ENTRY org.testng.eclipse 1 0 2015-07-04 23:19:16.592
!MESSAGE [TestNGLaunchShortcut] Examining Java element:[Working copy] GroupRemovalTests.java [in com.example.tests [in src [in addressbook_test_project]]]
  package com.example.tests
  import org.testng.annotations.Test
  class GroupRemovalTests
    void deleteSomeGroup()

!ENTRY org.testng.eclipse 1 0 2015-07-04 23:19:16.615
!MESSAGE [TestNGLaunchConfigurationDelegate] Launching:
  Classpath: C:\Users\Olga\Documents\GitHub\test-javatesting\addressbook_test_project\bin D:\Olly's documents\Distributives\Selenium\selenium-server-standalone-2.46.0.jar
  VMArgs:    -ea
  Class:     org.testng.remote.RemoteTestNG
  Args:      -serport 56698 -d C:\Users\Olga\Documents\GitHub\test-javatesting\addressbook_test_project\test-output C:\Users\Olga\AppData\Local\Temp\testng-eclipse--268488197\testng-customsuite.xml
java -ea -classpath C:\Users\Olga\Documents\GitHub\test-javatesting\addressbook_test_project\bin:D:\Olly's documents\Distributives\Selenium\selenium-server-standalone-2.46.0.jar org.testng.remote.RemoteTestNG -serport 56698 -d C:\Users\Olga\Documents\GitHub\test-javatesting\addressbook_test_project\test-output C:\Users\Olga\AppData\Local\Temp\testng-eclipse--268488197\testng-customsuite.xml

!ENTRY org.testng.eclipse 1 0 2015-07-04 23:19:56.323
!MESSAGE [TestNGLaunchShortcut] Examining Java element:[Working copy] GroupRemovalTests.java [in com.example.tests [in src [in addressbook_test_project]]]
  package com.example.tests
  import org.testng.annotations.Test
  class GroupRemovalTests
    void deleteSomeGroup()

!ENTRY org.testng.eclipse 1 0 2015-07-04 23:19:56.341
!MESSAGE [TestNGLaunchConfigurationDelegate] Launching:
  Classpath: C:\Users\Olga\Documents\GitHub\test-javatesting\addressbook_test_project\bin D:\Olly's documents\Distributives\Selenium\selenium-server-standalone-2.46.0.jar
  VMArgs:    -ea
  Class:     org.testng.remote.RemoteTestNG
  Args:      -serport 56741 -d C:\Users\Olga\Documents\GitHub\test-javatesting\addressbook_test_project\test-output C:\Users\Olga\AppData\Local\Temp\testng-eclipse-261372335\testng-customsuite.xml
java -ea -classpath C:\Users\Olga\Documents\GitHub\test-javatesting\addressbook_test_project\bin:D:\Olly's documents\Distributives\Selenium\selenium-server-standalone-2.46.0.jar org.testng.remote.RemoteTestNG -serport 56741 -d C:\Users\Olga\Documents\GitHub\test-javatesting\addressbook_test_project\test-output C:\Users\Olga\AppData\Local\Temp\testng-eclipse-261372335\testng-customsuite.xml

!ENTRY org.testng.eclipse 1 0 2015-07-04 23:38:55.860
!MESSAGE [TestNGLaunchShortcut] Examining Java element:[Working copy] GroupModificationTests.java [in com.example.tests [in src [in addressbook_test_project]]]
  package com.example.tests
  import org.testng.annotations.Test
  class GroupModificationTests
    void modifySomeGroup()

!ENTRY org.testng.eclipse 1 0 2015-07-04 23:39:00.846
!MESSAGE [TestNGLaunchConfigurationDelegate] Launching:
  Classpath: C:\Users\Olga\Documents\GitHub\test-javatesting\addressbook_test_project\bin D:\Olly's documents\Distributives\Selenium\selenium-server-standalone-2.46.0.jar
  VMArgs:    -ea
  Class:     org.testng.remote.RemoteTestNG
  Args:      -serport 57273 -d C:\Users\Olga\Documents\GitHub\test-javatesting\addressbook_test_project\test-output C:\Users\Olga\AppData\Local\Temp\testng-eclipse--836072211\testng-customsuite.xml
java -ea -classpath C:\Users\Olga\Documents\GitHub\test-javatesting\addressbook_test_project\bin:D:\Olly's documents\Distributives\Selenium\selenium-server-standalone-2.46.0.jar org.testng.remote.RemoteTestNG -serport 57273 -d C:\Users\Olga\Documents\GitHub\test-javatesting\addressbook_test_project\test-output C:\Users\Olga\AppData\Local\Temp\testng-eclipse--836072211\testng-customsuite.xml

!ENTRY org.testng.eclipse 1 0 2015-07-04 23:44:02.267
!MESSAGE [TestNGLaunchShortcut] Examining Java element:[Working copy] GroupModificationTests.java [in com.example.tests [in src [in addressbook_test_project]]]
  package com.example.tests
  import org.testng.annotations.Test
  class GroupModificationTests
    void modifySomeGroup()

!ENTRY org.testng.eclipse 1 0 2015-07-04 23:44:03.968
!MESSAGE [TestNGLaunchConfigurationDelegate] Launching:
  Classpath: C:\Users\Olga\Documents\GitHub\test-javatesting\addressbook_test_project\bin D:\Olly's documents\Distributives\Selenium\selenium-server-standalone-2.46.0.jar
  VMArgs:    -ea
  Class:     org.testng.remote.RemoteTestNG
  Args:      -serport 57383 -d C:\Users\Olga\Documents\GitHub\test-javatesting\addressbook_test_project\test-output C:\Users\Olga\AppData\Local\Temp\testng-eclipse--1486653597\testng-customsuite.xml
java -ea -classpath C:\Users\Olga\Documents\GitHub\test-javatesting\addressbook_test_project\bin:D:\Olly's documents\Distributives\Selenium\selenium-server-standalone-2.46.0.jar org.testng.remote.RemoteTestNG -serport 57383 -d C:\Users\Olga\Documents\GitHub\test-javatesting\addressbook_test_project\test-output C:\Users\Olga\AppData\Local\Temp\testng-eclipse--1486653597\testng-customsuite.xml

!ENTRY org.testng.eclipse 1 0 2015-07-04 23:45:15.276
!MESSAGE [TestNGLaunchShortcut] Examining Java element:[Working copy] GroupModificationTests.java [in com.example.tests [in src [in addressbook_test_project]]]
  package com.example.tests
  import org.testng.annotations.Test
  class GroupModificationTests
    void modifySomeGroup()

!ENTRY org.testng.eclipse 1 0 2015-07-04 23:45:15.296
!MESSAGE [TestNGLaunchConfigurationDelegate] Launching:
  Classpath: C:\Users\Olga\Documents\GitHub\test-javatesting\addressbook_test_project\bin D:\Olly's documents\Distributives\Selenium\selenium-server-standalone-2.46.0.jar
  VMArgs:    -ea
  Class:     org.testng.remote.RemoteTestNG
  Args:      -serport 57443 -d C:\Users\Olga\Documents\GitHub\test-javatesting\addressbook_test_project\test-output C:\Users\Olga\AppData\Local\Temp\testng-eclipse-2114297847\testng-customsuite.xml
java -ea -classpath C:\Users\Olga\Documents\GitHub\test-javatesting\addressbook_test_project\bin:D:\Olly's documents\Distributives\Selenium\selenium-server-standalone-2.46.0.jar org.testng.remote.RemoteTestNG -serport 57443 -d C:\Users\Olga\Documents\GitHub\test-javatesting\addressbook_test_project\test-output C:\Users\Olga\AppData\Local\Temp\testng-eclipse-2114297847\testng-customsuite.xml

!ENTRY org.testng.eclipse 1 0 2015-07-05 00:29:28.492
!MESSAGE [TestNGLaunchShortcut] Examining Java element:[Working copy] ContactRemovalTests.java [in com.example.tests [in src [in addressbook_test_project]]]
  package com.example.tests
  import org.testng.annotations.Test
  class ContactRemovalTests
    void deleteSomeContact()

!ENTRY org.testng.eclipse 1 0 2015-07-05 00:29:28.517
!MESSAGE [TestNGLaunchConfigurationDelegate] Launching:
  Classpath: C:\Users\Olga\Documents\GitHub\test-javatesting\addressbook_test_project\bin D:\Olly's documents\Distributives\Selenium\selenium-server-standalone-2.46.0.jar
  VMArgs:    -ea
  Class:     org.testng.remote.RemoteTestNG
  Args:      -serport 58267 -d C:\Users\Olga\Documents\GitHub\test-javatesting\addressbook_test_project\test-output C:\Users\Olga\AppData\Local\Temp\testng-eclipse--1490444723\testng-customsuite.xml
java -ea -classpath C:\Users\Olga\Documents\GitHub\test-javatesting\addressbook_test_project\bin:D:\Olly's documents\Distributives\Selenium\selenium-server-standalone-2.46.0.jar org.testng.remote.RemoteTestNG -serport 58267 -d C:\Users\Olga\Documents\GitHub\test-javatesting\addressbook_test_project\test-output C:\Users\Olga\AppData\Local\Temp\testng-eclipse--1490444723\testng-customsuite.xml

!ENTRY org.testng.eclipse 1 0 2015-07-05 00:31:05.453
!MESSAGE [TestNGLaunchShortcut] Examining Java element:[Working copy] ContactRemovalTests.java [in com.example.tests [in src [in addressbook_test_project]]]
  package com.example.tests
  import org.testng.annotations.Test
  class ContactRemovalTests
    void deleteSomeContact()

!ENTRY org.testng.eclipse 1 0 2015-07-05 00:31:05.475
!MESSAGE [TestNGLaunchConfigurationDelegate] Launching:
  Classpath: C:\Users\Olga\Documents\GitHub\test-javatesting\addressbook_test_project\bin D:\Olly's documents\Distributives\Selenium\selenium-server-standalone-2.46.0.jar
  VMArgs:    -ea
  Class:     org.testng.remote.RemoteTestNG
  Args:      -serport 58322 -d C:\Users\Olga\Documents\GitHub\test-javatesting\addressbook_test_project\test-output C:\Users\Olga\AppData\Local\Temp\testng-eclipse-1664465610\testng-customsuite.xml
java -ea -classpath C:\Users\Olga\Documents\GitHub\test-javatesting\addressbook_test_project\bin:D:\Olly's documents\Distributives\Selenium\selenium-server-standalone-2.46.0.jar org.testng.remote.RemoteTestNG -serport 58322 -d C:\Users\Olga\Documents\GitHub\test-javatesting\addressbook_test_project\test-output C:\Users\Olga\AppData\Local\Temp\testng-eclipse-1664465610\testng-customsuite.xml

!ENTRY org.testng.eclipse 1 0 2015-07-05 00:31:51.197
!MESSAGE [TestNGLaunchShortcut] Examining Java element:[Working copy] ContactRemovalTests.java [in com.example.tests [in src [in addressbook_test_project]]]
  package com.example.tests
  import org.testng.annotations.Test
  class ContactRemovalTests
    void deleteSomeContact()

!ENTRY org.testng.eclipse 1 0 2015-07-05 00:31:51.216
!MESSAGE [TestNGLaunchConfigurationDelegate] Launching:
  Classpath: C:\Users\Olga\Documents\GitHub\test-javatesting\addressbook_test_project\bin D:\Olly's documents\Distributives\Selenium\selenium-server-standalone-2.46.0.jar
  VMArgs:    -ea
  Class:     org.testng.remote.RemoteTestNG
  Args:      -serport 58350 -d C:\Users\Olga\Documents\GitHub\test-javatesting\addressbook_test_project\test-output C:\Users\Olga\AppData\Local\Temp\testng-eclipse--1734913516\testng-customsuite.xml
java -ea -classpath C:\Users\Olga\Documents\GitHub\test-javatesting\addressbook_test_project\bin:D:\Olly's documents\Distributives\Selenium\selenium-server-standalone-2.46.0.jar org.testng.remote.RemoteTestNG -serport 58350 -d C:\Users\Olga\Documents\GitHub\test-javatesting\addressbook_test_project\test-output C:\Users\Olga\AppData\Local\Temp\testng-eclipse--1734913516\testng-customsuite.xml

!ENTRY org.testng.eclipse 1 0 2015-07-05 00:34:44.710
!MESSAGE [TestNGLaunchShortcut] Examining Java element:[Working copy] ContactRemovalTests.java [in com.example.tests [in src [in addressbook_test_project]]]
  package com.example.tests
  import org.testng.annotations.Test
  class ContactRemovalTests
    void deleteSomeContact()

!ENTRY org.testng.eclipse 1 0 2015-07-05 00:34:44.731
!MESSAGE [TestNGLaunchConfigurationDelegate] Launching:
  Classpath: C:\Users\Olga\Documents\GitHub\test-javatesting\addressbook_test_project\bin D:\Olly's documents\Distributives\Selenium\selenium-server-standalone-2.46.0.jar
  VMArgs:    -ea
  Class:     org.testng.remote.RemoteTestNG
  Args:      -serport 58427 -d C:\Users\Olga\Documents\GitHub\test-javatesting\addressbook_test_project\test-output C:\Users\Olga\AppData\Local\Temp\testng-eclipse-1642456657\testng-customsuite.xml
java -ea -classpath C:\Users\Olga\Documents\GitHub\test-javatesting\addressbook_test_project\bin:D:\Olly's documents\Distributives\Selenium\selenium-server-standalone-2.46.0.jar org.testng.remote.RemoteTestNG -serport 58427 -d C:\Users\Olga\Documents\GitHub\test-javatesting\addressbook_test_project\test-output C:\Users\Olga\AppData\Local\Temp\testng-eclipse-1642456657\testng-customsuite.xml

!ENTRY org.eclipse.jdt.debug 4 125 2015-07-05 00:40:54.637
!MESSAGE Internal error logged from JDI Debug: 
!STACK 1
org.eclipse.debug.core.DebugException: Invalid stack frame
	at org.eclipse.jdt.internal.debug.core.model.JDIStackFrame.getUnderlyingStackFrame(JDIStackFrame.java:1086)
	at org.eclipse.jdt.internal.debug.core.model.JDIStackFrame.getUnderlyingThisObject(JDIStackFrame.java:762)
	at org.eclipse.jdt.internal.debug.core.model.JDIStackFrame.getThis(JDIStackFrame.java:1154)
	at org.eclipse.jdt.internal.debug.ui.JavaDebugHover.getHoverInfo2(JavaDebugHover.java:362)
	at org.eclipse.jdt.internal.ui.text.java.hover.BestMatchHover.getHoverInfo2(BestMatchHover.java:163)
	at org.eclipse.jdt.internal.ui.text.java.hover.BestMatchHover.getHoverInfo2(BestMatchHover.java:129)
	at org.eclipse.jdt.internal.ui.text.java.hover.JavaEditorTextHoverProxy.getHoverInfo2(JavaEditorTextHoverProxy.java:85)
	at org.eclipse.jface.text.TextViewerHoverManager$4.run(TextViewerHoverManager.java:166)
!SUBENTRY 1 org.eclipse.jdt.debug 4 130 2015-07-05 00:40:54.638
!MESSAGE Invalid stack frame

!ENTRY org.testng.eclipse 1 0 2015-07-05 00:49:10.912
!MESSAGE [TestNGLaunchShortcut] Examining Java element:[Working copy] ContactModificationTests.java [in com.example.tests [in src [in addressbook_test_project]]]
  package com.example.tests
  import org.testng.annotations.Test
  class ContactModificationTests
    void modifySomeContact()

!ENTRY org.testng.eclipse 1 0 2015-07-05 00:49:10.936
!MESSAGE [TestNGLaunchConfigurationDelegate] Launching:
  Classpath: C:\Users\Olga\Documents\GitHub\test-javatesting\addressbook_test_project\bin D:\Olly's documents\Distributives\Selenium\selenium-server-standalone-2.46.0.jar
  VMArgs:    -ea
  Class:     org.testng.remote.RemoteTestNG
  Args:      -serport 58703 -d C:\Users\Olga\Documents\GitHub\test-javatesting\addressbook_test_project\test-output C:\Users\Olga\AppData\Local\Temp\testng-eclipse-628024055\testng-customsuite.xml
java -ea -classpath C:\Users\Olga\Documents\GitHub\test-javatesting\addressbook_test_project\bin:D:\Olly's documents\Distributives\Selenium\selenium-server-standalone-2.46.0.jar org.testng.remote.RemoteTestNG -serport 58703 -d C:\Users\Olga\Documents\GitHub\test-javatesting\addressbook_test_project\test-output C:\Users\Olga\AppData\Local\Temp\testng-eclipse-628024055\testng-customsuite.xml

!ENTRY org.testng.eclipse 1 0 2015-07-05 00:50:05.177
!MESSAGE [TestNGLaunchShortcut] Examining Java element:[Working copy] ContactModificationTests.java [in com.example.tests [in src [in addressbook_test_project]]]
  package com.example.tests
  import org.testng.annotations.Test
  class ContactModificationTests
    void modifySomeContact()

!ENTRY org.testng.eclipse 1 0 2015-07-05 00:50:05.200
!MESSAGE [TestNGLaunchConfigurationDelegate] Launching:
  Classpath: C:\Users\Olga\Documents\GitHub\test-javatesting\addressbook_test_project\bin D:\Olly's documents\Distributives\Selenium\selenium-server-standalone-2.46.0.jar
  VMArgs:    -ea
  Class:     org.testng.remote.RemoteTestNG
  Args:      -serport 58745 -d C:\Users\Olga\Documents\GitHub\test-javatesting\addressbook_test_project\test-output C:\Users\Olga\AppData\Local\Temp\testng-eclipse-679793301\testng-customsuite.xml
java -ea -classpath C:\Users\Olga\Documents\GitHub\test-javatesting\addressbook_test_project\bin:D:\Olly's documents\Distributives\Selenium\selenium-server-standalone-2.46.0.jar org.testng.remote.RemoteTestNG -serport 58745 -d C:\Users\Olga\Documents\GitHub\test-javatesting\addressbook_test_project\test-output C:\Users\Olga\AppData\Local\Temp\testng-eclipse-679793301\testng-customsuite.xml

!ENTRY org.testng.eclipse 1 0 2015-07-05 00:50:37.021
!MESSAGE [TestNGLaunchConfigurationDelegate] Launching:
  Classpath: C:\Users\Olga\Documents\GitHub\test-javatesting\addressbook_test_project\bin D:\Olly's documents\Distributives\Selenium\selenium-server-standalone-2.46.0.jar
  VMArgs:    -ea
  Class:     org.testng.remote.RemoteTestNG
  Args:      -serport 58765 -d C:\Users\Olga\Documents\GitHub\test-javatesting\addressbook_test_project\test-output C:\Users\Olga\AppData\Local\Temp\testng-eclipse--242788589\testng-customsuite.xml
java -ea -classpath C:\Users\Olga\Documents\GitHub\test-javatesting\addressbook_test_project\bin:D:\Olly's documents\Distributives\Selenium\selenium-server-standalone-2.46.0.jar org.testng.remote.RemoteTestNG -serport 58765 -d C:\Users\Olga\Documents\GitHub\test-javatesting\addressbook_test_project\test-output C:\Users\Olga\AppData\Local\Temp\testng-eclipse--242788589\testng-customsuite.xml

!ENTRY org.testng.eclipse 1 0 2015-07-05 00:51:34.409
!MESSAGE [TestNGLaunchShortcut] Examining Java element:[Working copy] ContactModificationTests.java [in com.example.tests [in src [in addressbook_test_project]]]
  package com.example.tests
  import org.testng.annotations.Test
  class ContactModificationTests
    void modifySomeContact()

!ENTRY org.testng.eclipse 1 0 2015-07-05 00:51:34.429
!MESSAGE [TestNGLaunchConfigurationDelegate] Launching:
  Classpath: C:\Users\Olga\Documents\GitHub\test-javatesting\addressbook_test_project\bin D:\Olly's documents\Distributives\Selenium\selenium-server-standalone-2.46.0.jar
  VMArgs:    -ea
  Class:     org.testng.remote.RemoteTestNG
  Args:      -serport 58806 -d C:\Users\Olga\Documents\GitHub\test-javatesting\addressbook_test_project\test-output C:\Users\Olga\AppData\Local\Temp\testng-eclipse--683048600\testng-customsuite.xml
java -ea -classpath C:\Users\Olga\Documents\GitHub\test-javatesting\addressbook_test_project\bin:D:\Olly's documents\Distributives\Selenium\selenium-server-standalone-2.46.0.jar org.testng.remote.RemoteTestNG -serport 58806 -d C:\Users\Olga\Documents\GitHub\test-javatesting\addressbook_test_project\test-output C:\Users\Olga\AppData\Local\Temp\testng-eclipse--683048600\testng-customsuite.xml

!ENTRY org.eclipse.jdt.debug 4 125 2015-07-05 00:52:01.308
!MESSAGE Internal error logged from JDI Debug: 
!STACK 1
org.eclipse.debug.core.DebugException: Invalid stack frame
	at org.eclipse.jdt.internal.debug.core.model.JDIStackFrame.getUnderlyingStackFrame(JDIStackFrame.java:1086)
	at org.eclipse.jdt.internal.debug.core.model.JDIStackFrame.getUnderlyingThisObject(JDIStackFrame.java:762)
	at org.eclipse.jdt.internal.debug.core.model.JDIStackFrame.getThis(JDIStackFrame.java:1154)
	at org.eclipse.jdt.internal.debug.ui.JavaDebugHover.getHoverInfo2(JavaDebugHover.java:362)
	at org.eclipse.jdt.internal.ui.text.java.hover.BestMatchHover.getHoverInfo2(BestMatchHover.java:163)
	at org.eclipse.jdt.internal.ui.text.java.hover.BestMatchHover.getHoverInfo2(BestMatchHover.java:129)
	at org.eclipse.jdt.internal.ui.text.java.hover.JavaEditorTextHoverProxy.getHoverInfo2(JavaEditorTextHoverProxy.java:85)
	at org.eclipse.jface.text.TextViewerHoverManager$4.run(TextViewerHoverManager.java:166)
!SUBENTRY 1 org.eclipse.jdt.debug 4 130 2015-07-05 00:52:01.308
!MESSAGE Invalid stack frame

!ENTRY org.testng.eclipse 1 0 2015-07-05 00:52:35.049
!MESSAGE [TestNGLaunchConfigurationDelegate] Launching:
  Classpath: C:\Users\Olga\Documents\GitHub\test-javatesting\addressbook_test_project\bin D:\Olly's documents\Distributives\Selenium\selenium-server-standalone-2.46.0.jar
  VMArgs:    -ea
  Class:     org.testng.remote.RemoteTestNG
  Args:      -serport 58823 -d C:\Users\Olga\Documents\GitHub\test-javatesting\addressbook_test_project\test-output C:\Users\Olga\AppData\Local\Temp\testng-eclipse-306833699\testng-customsuite.xml
java -ea -classpath C:\Users\Olga\Documents\GitHub\test-javatesting\addressbook_test_project\bin:D:\Olly's documents\Distributives\Selenium\selenium-server-standalone-2.46.0.jar org.testng.remote.RemoteTestNG -serport 58823 -d C:\Users\Olga\Documents\GitHub\test-javatesting\addressbook_test_project\test-output C:\Users\Olga\AppData\Local\Temp\testng-eclipse-306833699\testng-customsuite.xml

!ENTRY org.testng.eclipse 1 0 2015-07-05 00:59:15.070
!MESSAGE [TestNGLaunchShortcut] Examining Java element:[Working copy] ContactRemovalTests.java [in com.example.tests [in src [in addressbook_test_project]]]
  package com.example.tests
  import org.testng.annotations.Test
  class ContactRemovalTests
    void deleteSomeContact()

!ENTRY org.testng.eclipse 1 0 2015-07-05 00:59:15.095
!MESSAGE [TestNGLaunchConfigurationDelegate] Launching:
  Classpath: C:\Users\Olga\Documents\GitHub\test-javatesting\addressbook_test_project\bin D:\Olly's documents\Distributives\Selenium\selenium-server-standalone-2.46.0.jar
  VMArgs:    -ea
  Class:     org.testng.remote.RemoteTestNG
  Args:      -serport 58906 -d C:\Users\Olga\Documents\GitHub\test-javatesting\addressbook_test_project\test-output C:\Users\Olga\AppData\Local\Temp\testng-eclipse--1003304704\testng-customsuite.xml
java -ea -classpath C:\Users\Olga\Documents\GitHub\test-javatesting\addressbook_test_project\bin:D:\Olly's documents\Distributives\Selenium\selenium-server-standalone-2.46.0.jar org.testng.remote.RemoteTestNG -serport 58906 -d C:\Users\Olga\Documents\GitHub\test-javatesting\addressbook_test_project\test-output C:\Users\Olga\AppData\Local\Temp\testng-eclipse--1003304704\testng-customsuite.xml

!ENTRY org.testng.eclipse 1 0 2015-07-05 00:59:33.464
!MESSAGE [TestNGLaunchShortcut] Examining Java element:[Working copy] ContactModificationTests.java [in com.example.tests [in src [in addressbook_test_project]]]
  package com.example.tests
  import org.testng.annotations.Test
  class ContactModificationTests
    void modifySomeContact()

!ENTRY org.testng.eclipse 1 0 2015-07-05 00:59:33.488
!MESSAGE [TestNGLaunchConfigurationDelegate] Launching:
  Classpath: C:\Users\Olga\Documents\GitHub\test-javatesting\addressbook_test_project\bin D:\Olly's documents\Distributives\Selenium\selenium-server-standalone-2.46.0.jar
  VMArgs:    -ea
  Class:     org.testng.remote.RemoteTestNG
  Args:      -serport 58948 -d C:\Users\Olga\Documents\GitHub\test-javatesting\addressbook_test_project\test-output C:\Users\Olga\AppData\Local\Temp\testng-eclipse--33306754\testng-customsuite.xml
java -ea -classpath C:\Users\Olga\Documents\GitHub\test-javatesting\addressbook_test_project\bin:D:\Olly's documents\Distributives\Selenium\selenium-server-standalone-2.46.0.jar org.testng.remote.RemoteTestNG -serport 58948 -d C:\Users\Olga\Documents\GitHub\test-javatesting\addressbook_test_project\test-output C:\Users\Olga\AppData\Local\Temp\testng-eclipse--33306754\testng-customsuite.xml

!ENTRY org.testng.eclipse 1 0 2015-07-05 01:04:29.592
!MESSAGE [TestNGLaunchShortcut] Examining Java element:[Working copy] ContactModificationTests.java [in com.example.tests [in src [in addressbook_test_project]]]
  package com.example.tests
  import org.testng.annotations.Test
  class ContactModificationTests
    void modifySomeContact()

!ENTRY org.testng.eclipse 1 0 2015-07-05 01:04:29.612
!MESSAGE [TestNGLaunchConfigurationDelegate] Launching:
  Classpath: C:\Users\Olga\Documents\GitHub\test-javatesting\addressbook_test_project\bin D:\Olly's documents\Distributives\Selenium\selenium-server-standalone-2.46.0.jar
  VMArgs:    -ea
  Class:     org.testng.remote.RemoteTestNG
  Args:      -serport 59054 -d C:\Users\Olga\Documents\GitHub\test-javatesting\addressbook_test_project\test-output C:\Users\Olga\AppData\Local\Temp\testng-eclipse--2027245765\testng-customsuite.xml
java -ea -classpath C:\Users\Olga\Documents\GitHub\test-javatesting\addressbook_test_project\bin:D:\Olly's documents\Distributives\Selenium\selenium-server-standalone-2.46.0.jar org.testng.remote.RemoteTestNG -serport 59054 -d C:\Users\Olga\Documents\GitHub\test-javatesting\addressbook_test_project\test-output C:\Users\Olga\AppData\Local\Temp\testng-eclipse--2027245765\testng-customsuite.xml

!ENTRY org.testng.eclipse 1 0 2015-07-05 01:06:44.997
!MESSAGE [TestNGLaunchShortcut] Examining Java element:[Working copy] ContactModificationTests.java [in com.example.tests [in src [in addressbook_test_project]]]
  package com.example.tests
  import org.testng.annotations.Test
  class ContactModificationTests
    void modifySomeContact()

!ENTRY org.testng.eclipse 1 0 2015-07-05 01:06:45.020
!MESSAGE [TestNGLaunchConfigurationDelegate] Launching:
  Classpath: C:\Users\Olga\Documents\GitHub\test-javatesting\addressbook_test_project\bin D:\Olly's documents\Distributives\Selenium\selenium-server-standalone-2.46.0.jar
  VMArgs:    -ea
  Class:     org.testng.remote.RemoteTestNG
  Args:      -serport 59141 -d C:\Users\Olga\Documents\GitHub\test-javatesting\addressbook_test_project\test-output C:\Users\Olga\AppData\Local\Temp\testng-eclipse--1444919820\testng-customsuite.xml
java -ea -classpath C:\Users\Olga\Documents\GitHub\test-javatesting\addressbook_test_project\bin:D:\Olly's documents\Distributives\Selenium\selenium-server-standalone-2.46.0.jar org.testng.remote.RemoteTestNG -serport 59141 -d C:\Users\Olga\Documents\GitHub\test-javatesting\addressbook_test_project\test-output C:\Users\Olga\AppData\Local\Temp\testng-eclipse--1444919820\testng-customsuite.xml

!ENTRY org.testng.eclipse 1 0 2015-07-05 01:07:25.043
!MESSAGE [TestNGLaunchShortcut] Examining Java element:[Working copy] ContactModificationTests.java [in com.example.tests [in src [in addressbook_test_project]]]
  package com.example.tests
  import org.testng.annotations.Test
  class ContactModificationTests
    void modifySomeContact()

!ENTRY org.testng.eclipse 1 0 2015-07-05 01:07:25.068
!MESSAGE [TestNGLaunchConfigurationDelegate] Launching:
  Classpath: C:\Users\Olga\Documents\GitHub\test-javatesting\addressbook_test_project\bin D:\Olly's documents\Distributives\Selenium\selenium-server-standalone-2.46.0.jar
  VMArgs:    -ea
  Class:     org.testng.remote.RemoteTestNG
  Args:      -serport 59230 -d C:\Users\Olga\Documents\GitHub\test-javatesting\addressbook_test_project\test-output C:\Users\Olga\AppData\Local\Temp\testng-eclipse--553243725\testng-customsuite.xml
java -ea -classpath C:\Users\Olga\Documents\GitHub\test-javatesting\addressbook_test_project\bin:D:\Olly's documents\Distributives\Selenium\selenium-server-standalone-2.46.0.jar org.testng.remote.RemoteTestNG -serport 59230 -d C:\Users\Olga\Documents\GitHub\test-javatesting\addressbook_test_project\test-output C:\Users\Olga\AppData\Local\Temp\testng-eclipse--553243725\testng-customsuite.xml

!ENTRY org.testng.eclipse 1 0 2015-07-05 23:17:19.560
!MESSAGE [TestNGLaunchShortcut] Examining Java element:[Working copy] ContactModificationTests.java [in com.example.tests [in src [in addressbook_test_project]]]
  package com.example.tests
  import org.testng.annotations.Test
  class ContactModificationTests
    void modifySomeContact()

!ENTRY org.testng.eclipse 1 0 2015-07-05 23:17:19.586
!MESSAGE [TestNGLaunchConfigurationDelegate] Launching:
  Classpath: C:\Users\Olga\Documents\GitHub\test-javatesting\addressbook_test_project\bin D:\Olly's documents\Distributives\Selenium\selenium-server-standalone-2.46.0.jar
  VMArgs:    -ea
  Class:     org.testng.remote.RemoteTestNG
  Args:      -serport 60240 -d C:\Users\Olga\Documents\GitHub\test-javatesting\addressbook_test_project\test-output C:\Users\Olga\AppData\Local\Temp\testng-eclipse--1129497622\testng-customsuite.xml
java -ea -classpath C:\Users\Olga\Documents\GitHub\test-javatesting\addressbook_test_project\bin:D:\Olly's documents\Distributives\Selenium\selenium-server-standalone-2.46.0.jar org.testng.remote.RemoteTestNG -serport 60240 -d C:\Users\Olga\Documents\GitHub\test-javatesting\addressbook_test_project\test-output C:\Users\Olga\AppData\Local\Temp\testng-eclipse--1129497622\testng-customsuite.xml

!ENTRY org.testng.eclipse 1 0 2015-07-05 23:20:18.536
!MESSAGE [TestNGLaunchShortcut] Examining Java element:[Working copy] ContactModificationTests.java [in com.example.tests [in src [in addressbook_test_project]]]
  package com.example.tests
  import org.testng.annotations.Test
  class ContactModificationTests
    void modifySomeContact()

!ENTRY org.testng.eclipse 1 0 2015-07-05 23:20:18.557
!MESSAGE [TestNGLaunchConfigurationDelegate] Launching:
  Classpath: C:\Users\Olga\Documents\GitHub\test-javatesting\addressbook_test_project\bin D:\Olly's documents\Distributives\Selenium\selenium-server-standalone-2.46.0.jar
  VMArgs:    -ea
  Class:     org.testng.remote.RemoteTestNG
  Args:      -serport 60336 -d C:\Users\Olga\Documents\GitHub\test-javatesting\addressbook_test_project\test-output C:\Users\Olga\AppData\Local\Temp\testng-eclipse--961899820\testng-customsuite.xml
java -ea -classpath C:\Users\Olga\Documents\GitHub\test-javatesting\addressbook_test_project\bin:D:\Olly's documents\Distributives\Selenium\selenium-server-standalone-2.46.0.jar org.testng.remote.RemoteTestNG -serport 60336 -d C:\Users\Olga\Documents\GitHub\test-javatesting\addressbook_test_project\test-output C:\Users\Olga\AppData\Local\Temp\testng-eclipse--961899820\testng-customsuite.xml

!ENTRY org.testng.eclipse 1 0 2015-07-05 23:21:50.533
!MESSAGE [TestNGLaunchShortcut] Examining Java element:[Working copy] GroupModificationTests.java [in com.example.tests [in src [in addressbook_test_project]]]
  package com.example.tests
  import org.testng.annotations.Test
  class GroupModificationTests
    void modifySomeGroup()

!ENTRY org.testng.eclipse 1 0 2015-07-05 23:21:50.561
!MESSAGE [TestNGLaunchConfigurationDelegate] Launching:
  Classpath: C:\Users\Olga\Documents\GitHub\test-javatesting\addressbook_test_project\bin D:\Olly's documents\Distributives\Selenium\selenium-server-standalone-2.46.0.jar
  VMArgs:    -ea
  Class:     org.testng.remote.RemoteTestNG
  Args:      -serport 60403 -d C:\Users\Olga\Documents\GitHub\test-javatesting\addressbook_test_project\test-output C:\Users\Olga\AppData\Local\Temp\testng-eclipse--1631424203\testng-customsuite.xml
java -ea -classpath C:\Users\Olga\Documents\GitHub\test-javatesting\addressbook_test_project\bin:D:\Olly's documents\Distributives\Selenium\selenium-server-standalone-2.46.0.jar org.testng.remote.RemoteTestNG -serport 60403 -d C:\Users\Olga\Documents\GitHub\test-javatesting\addressbook_test_project\test-output C:\Users\Olga\AppData\Local\Temp\testng-eclipse--1631424203\testng-customsuite.xml

!ENTRY org.testng.eclipse 1 0 2015-07-05 23:22:55.721
!MESSAGE [TestNGLaunchShortcut] Examining Java element:[Working copy] ContactRemovalTests.java [in com.example.tests [in src [in addressbook_test_project]]]
  package com.example.tests
  import org.testng.annotations.Test
  class ContactRemovalTests
    void deleteSomeContact()

!ENTRY org.testng.eclipse 1 0 2015-07-05 23:22:55.745
!MESSAGE [TestNGLaunchConfigurationDelegate] Launching:
  Classpath: C:\Users\Olga\Documents\GitHub\test-javatesting\addressbook_test_project\bin D:\Olly's documents\Distributives\Selenium\selenium-server-standalone-2.46.0.jar
  VMArgs:    -ea
  Class:     org.testng.remote.RemoteTestNG
  Args:      -serport 60461 -d C:\Users\Olga\Documents\GitHub\test-javatesting\addressbook_test_project\test-output C:\Users\Olga\AppData\Local\Temp\testng-eclipse--1954320475\testng-customsuite.xml
java -ea -classpath C:\Users\Olga\Documents\GitHub\test-javatesting\addressbook_test_project\bin:D:\Olly's documents\Distributives\Selenium\selenium-server-standalone-2.46.0.jar org.testng.remote.RemoteTestNG -serport 60461 -d C:\Users\Olga\Documents\GitHub\test-javatesting\addressbook_test_project\test-output C:\Users\Olga\AppData\Local\Temp\testng-eclipse--1954320475\testng-customsuite.xml

!ENTRY org.testng.eclipse 1 0 2015-07-05 23:41:22.688
!MESSAGE [TestNGLaunchShortcut] Examining Java element:[Working copy] ContactModificationTests.java [in com.example.tests [in src [in addressbook_test_project]]]
  package com.example.tests
  import org.testng.annotations.Test
  class ContactModificationTests
    void modifySomeContact()

!ENTRY org.testng.eclipse 1 0 2015-07-05 23:41:22.711
!MESSAGE [TestNGLaunchConfigurationDelegate] Launching:
  Classpath: C:\Users\Olga\Documents\GitHub\test-javatesting\addressbook_test_project\bin D:\Olly's documents\Distributives\Selenium\selenium-server-standalone-2.46.0.jar
  VMArgs:    -ea
  Class:     org.testng.remote.RemoteTestNG
  Args:      -serport 60768 -d C:\Users\Olga\Documents\GitHub\test-javatesting\addressbook_test_project\test-output C:\Users\Olga\AppData\Local\Temp\testng-eclipse-1233715489\testng-customsuite.xml
java -ea -classpath C:\Users\Olga\Documents\GitHub\test-javatesting\addressbook_test_project\bin:D:\Olly's documents\Distributives\Selenium\selenium-server-standalone-2.46.0.jar org.testng.remote.RemoteTestNG -serport 60768 -d C:\Users\Olga\Documents\GitHub\test-javatesting\addressbook_test_project\test-output C:\Users\Olga\AppData\Local\Temp\testng-eclipse-1233715489\testng-customsuite.xml

!ENTRY org.testng.eclipse 1 0 2015-07-05 23:42:06.185
!MESSAGE [TestNGLaunchShortcut] Examining Java element:[Working copy] ContactModificationTests.java [in com.example.tests [in src [in addressbook_test_project]]]
  package com.example.tests
  import org.testng.annotations.Test
  class ContactModificationTests
    void modifySomeContact()

!ENTRY org.testng.eclipse 1 0 2015-07-05 23:42:06.203
!MESSAGE [TestNGLaunchConfigurationDelegate] Launching:
  Classpath: C:\Users\Olga\Documents\GitHub\test-javatesting\addressbook_test_project\bin D:\Olly's documents\Distributives\Selenium\selenium-server-standalone-2.46.0.jar
  VMArgs:    -ea
  Class:     org.testng.remote.RemoteTestNG
  Args:      -serport 60818 -d C:\Users\Olga\Documents\GitHub\test-javatesting\addressbook_test_project\test-output C:\Users\Olga\AppData\Local\Temp\testng-eclipse--1710570273\testng-customsuite.xml
java -ea -classpath C:\Users\Olga\Documents\GitHub\test-javatesting\addressbook_test_project\bin:D:\Olly's documents\Distributives\Selenium\selenium-server-standalone-2.46.0.jar org.testng.remote.RemoteTestNG -serport 60818 -d C:\Users\Olga\Documents\GitHub\test-javatesting\addressbook_test_project\test-output C:\Users\Olga\AppData\Local\Temp\testng-eclipse--1710570273\testng-customsuite.xml

!ENTRY org.testng.eclipse 1 0 2015-07-05 23:47:18.940
!MESSAGE [TestNGLaunchShortcut] Examining Java element:[Working copy] ContactModificationTests.java [in com.example.tests [in src [in addressbook_test_project]]]
  package com.example.tests
  import org.testng.annotations.Test
  class ContactModificationTests
    void modifySomeContact()

!ENTRY org.testng.eclipse 1 0 2015-07-05 23:47:18.963
!MESSAGE [TestNGLaunchConfigurationDelegate] Launching:
  Classpath: C:\Users\Olga\Documents\GitHub\test-javatesting\addressbook_test_project\bin D:\Olly's documents\Distributives\Selenium\selenium-server-standalone-2.46.0.jar
  VMArgs:    -ea
  Class:     org.testng.remote.RemoteTestNG
  Args:      -serport 60979 -d C:\Users\Olga\Documents\GitHub\test-javatesting\addressbook_test_project\test-output C:\Users\Olga\AppData\Local\Temp\testng-eclipse-1388842628\testng-customsuite.xml
java -ea -classpath C:\Users\Olga\Documents\GitHub\test-javatesting\addressbook_test_project\bin:D:\Olly's documents\Distributives\Selenium\selenium-server-standalone-2.46.0.jar org.testng.remote.RemoteTestNG -serport 60979 -d C:\Users\Olga\Documents\GitHub\test-javatesting\addressbook_test_project\test-output C:\Users\Olga\AppData\Local\Temp\testng-eclipse-1388842628\testng-customsuite.xml

!ENTRY org.testng.eclipse 1 0 2015-07-05 23:49:33.498
!MESSAGE [TestNGLaunchShortcut] Examining Java element:[Working copy] ContactModificationTests.java [in com.example.tests [in src [in addressbook_test_project]]]
  package com.example.tests
  import org.testng.annotations.Test
  class ContactModificationTests
    void modifySomeContact()

!ENTRY org.testng.eclipse 1 0 2015-07-05 23:49:33.518
!MESSAGE [TestNGLaunchConfigurationDelegate] Launching:
  Classpath: C:\Users\Olga\Documents\GitHub\test-javatesting\addressbook_test_project\bin D:\Olly's documents\Distributives\Selenium\selenium-server-standalone-2.46.0.jar
  VMArgs:    -ea
  Class:     org.testng.remote.RemoteTestNG
  Args:      -serport 61030 -d C:\Users\Olga\Documents\GitHub\test-javatesting\addressbook_test_project\test-output C:\Users\Olga\AppData\Local\Temp\testng-eclipse--19122163\testng-customsuite.xml
java -ea -classpath C:\Users\Olga\Documents\GitHub\test-javatesting\addressbook_test_project\bin:D:\Olly's documents\Distributives\Selenium\selenium-server-standalone-2.46.0.jar org.testng.remote.RemoteTestNG -serport 61030 -d C:\Users\Olga\Documents\GitHub\test-javatesting\addressbook_test_project\test-output C:\Users\Olga\AppData\Local\Temp\testng-eclipse--19122163\testng-customsuite.xml

!ENTRY org.testng.eclipse 1 0 2015-07-06 00:01:54.892
!MESSAGE [TestNGLaunchShortcut] Examining Java element:[Working copy] ContactModificationTests.java [in com.example.tests [in src [in addressbook_test_project]]]
  package com.example.tests
  import org.testng.annotations.Test
  class ContactModificationTests
    void modifySomeContact()

!ENTRY org.testng.eclipse 1 0 2015-07-06 00:01:56.807
!MESSAGE [TestNGLaunchConfigurationDelegate] Launching:
  Classpath: C:\Users\Olga\Documents\GitHub\test-javatesting\addressbook_test_project\bin D:\Olly's documents\Distributives\Selenium\selenium-server-standalone-2.46.0.jar
  VMArgs:    -ea
  Class:     org.testng.remote.RemoteTestNG
  Args:      -serport 61295 -d C:\Users\Olga\Documents\GitHub\test-javatesting\addressbook_test_project\test-output C:\Users\Olga\AppData\Local\Temp\testng-eclipse--911244978\testng-customsuite.xml
java -ea -classpath C:\Users\Olga\Documents\GitHub\test-javatesting\addressbook_test_project\bin:D:\Olly's documents\Distributives\Selenium\selenium-server-standalone-2.46.0.jar org.testng.remote.RemoteTestNG -serport 61295 -d C:\Users\Olga\Documents\GitHub\test-javatesting\addressbook_test_project\test-output C:\Users\Olga\AppData\Local\Temp\testng-eclipse--911244978\testng-customsuite.xml

!ENTRY org.testng.eclipse 1 0 2015-07-06 00:02:34.127
!MESSAGE [TestNGLaunchShortcut] Examining Java element:com.example.tests [in src [in addressbook_test_project]]
  ContactData.java
    package com.example.tests
    class ContactData
      String firstname
      String lastname
      String address1
      String home
      String mobile
      String work
      String email1
      String email2
      String bday
      String bmonth
      String byear
      String group
      String address2
      String phone
      ContactData(String, String, String, String, String, String, String, String, String, String, String, String, String, String)
      ContactData()
  TestBase.java
    package com.example.tests
    import org.testng.annotations.AfterTest
    import org.testng.annotations.BeforeTest
    import com.example.fw.ApplicationManager
    class TestBase
      ApplicationManager app
      void setUp()
      void tearDown()
  GroupData.java
    package com.example.tests
    class GroupData
      String name
      String header
      String footer
      GroupData(String, String, String)
      GroupData()
  GroupModificationTests.java (not open)
  UserGroupCreating.java
    package com.example.tests
    import org.testng.annotations.Test
    class UserGroupCreating
      void nonEmptyUserGroupCreation()
      void emptyUserGroupCreation()
  AlsoUserGroupCreating.java (not open)
  [Working copy] ContactCreation.java
    package com.example.tests
    import org.testng.annotations.Test
    class ContactCreation
      void nonEmptyContactCreation()
      void emptyContactCreation()
  GroupRemovalTests.java (not open)
  [Working copy] ContactModificationTests.java
    package com.example.tests
    import org.testng.annotations.Test
    class ContactModificationTests
      void modifySomeContact()
  ContactRemovalTests.java (not open)

!ENTRY org.testng.eclipse 1 0 2015-07-06 00:02:34.177
!MESSAGE [TestNGLaunchConfigurationDelegate] Launching:
  Classpath: C:\Users\Olga\Documents\GitHub\test-javatesting\addressbook_test_project\bin D:\Olly's documents\Distributives\Selenium\selenium-server-standalone-2.46.0.jar
  VMArgs:    -ea
  Class:     org.testng.remote.RemoteTestNG
  Args:      -serport 61362 -d C:\Users\Olga\Documents\GitHub\test-javatesting\addressbook_test_project\test-output C:\Users\Olga\AppData\Local\Temp\testng-eclipse--348110505\testng-customsuite.xml
java -ea -classpath C:\Users\Olga\Documents\GitHub\test-javatesting\addressbook_test_project\bin:D:\Olly's documents\Distributives\Selenium\selenium-server-standalone-2.46.0.jar org.testng.remote.RemoteTestNG -serport 61362 -d C:\Users\Olga\Documents\GitHub\test-javatesting\addressbook_test_project\test-output C:\Users\Olga\AppData\Local\Temp\testng-eclipse--348110505\testng-customsuite.xml

!ENTRY org.testng.eclipse 1 0 2015-07-06 00:04:04.848
!MESSAGE [TestNGLaunchShortcut] Examining Java element:com.example.tests [in src [in addressbook_test_project]]
  ContactData.java
    package com.example.tests
    class ContactData
      String firstname
      String lastname
      String address1
      String home
      String mobile
      String work
      String email1
      String email2
      String bday
      String bmonth
      String byear
      String group
      String address2
      String phone
      ContactData(String, String, String, String, String, String, String, String, String, String, String, String, String, String)
      ContactData()
  TestBase.java
    package com.example.tests
    import org.testng.annotations.AfterTest
    import org.testng.annotations.BeforeTest
    import com.example.fw.ApplicationManager
    class TestBase
      ApplicationManager app
      void setUp()
      void tearDown()
  GroupData.java
    package com.example.tests
    class GroupData
      String name
      String header
      String footer
      GroupData(String, String, String)
      GroupData()
  GroupModificationTests.java
    package com.example.tests
    import org.testng.annotations.Test
    class GroupModificationTests
      void modifySomeGroup()
  UserGroupCreating.java
    package com.example.tests
    import org.testng.annotations.Test
    class UserGroupCreating
      void nonEmptyUserGroupCreation()
      void emptyUserGroupCreation()
  AlsoUserGroupCreating.java
    package com.example.tests
    import org.testng.annotations.Test
    class AlsoUserGroupCreating
      void nonEmptyUserGroupCreation()
      void emptyUserGroupCreation()
  [Working copy] ContactCreation.java
    package com.example.tests
    import org.testng.annotations.Test
    class ContactCreation
      void nonEmptyContactCreation()
      void emptyContactCreation()
  GroupRemovalTests.java
    package com.example.tests
    import org.testng.annotations.Test
    class GroupRemovalTests
      void deleteSomeGroup()
  [Working copy] ContactModificationTests.java
    package com.example.tests
    import org.testng.annotations.Test
    class ContactModificationTests
      void modifySomeContact()
  ContactRemovalTests.java
    package com.example.tests
    import org.testng.annotations.Test
    class ContactRemovalTests
      void deleteSomeContact()

!ENTRY org.testng.eclipse 1 0 2015-07-06 00:04:04.882
!MESSAGE [TestNGLaunchConfigurationDelegate] Launching:
  Classpath: C:\Users\Olga\Documents\GitHub\test-javatesting\addressbook_test_project\bin D:\Olly's documents\Distributives\Selenium\selenium-server-standalone-2.46.0.jar
  VMArgs:    -ea
  Class:     org.testng.remote.RemoteTestNG
  Args:      -serport 61424 -d C:\Users\Olga\Documents\GitHub\test-javatesting\addressbook_test_project\test-output C:\Users\Olga\AppData\Local\Temp\testng-eclipse--180085794\testng-customsuite.xml
java -ea -classpath C:\Users\Olga\Documents\GitHub\test-javatesting\addressbook_test_project\bin:D:\Olly's documents\Distributives\Selenium\selenium-server-standalone-2.46.0.jar org.testng.remote.RemoteTestNG -serport 61424 -d C:\Users\Olga\Documents\GitHub\test-javatesting\addressbook_test_project\test-output C:\Users\Olga\AppData\Local\Temp\testng-eclipse--180085794\testng-customsuite.xml

!ENTRY org.testng.eclipse 1 0 2015-07-06 00:05:18.168
!MESSAGE [TestNGLaunchShortcut] Examining Java element:com.example.tests [in src [in addressbook_test_project]]
  ContactData.java
    package com.example.tests
    class ContactData
      String firstname
      String lastname
      String address1
      String home
      String mobile
      String work
      String email1
      String email2
      String bday
      String bmonth
      String byear
      String group
      String address2
      String phone
      ContactData(String, String, String, String, String, String, String, String, String, String, String, String, String, String)
      ContactData()
  [Working copy] TestBase.java
    package com.example.tests
    import org.testng.annotations.AfterTest
    import org.testng.annotations.BeforeTest
    import com.example.fw.ApplicationManager
    class TestBase
      ApplicationManager app
      void setUp()
      void tearDown()
  GroupData.java
    package com.example.tests
    class GroupData
      String name
      String header
      String footer
      GroupData(String, String, String)
      GroupData()
  GroupModificationTests.java
    package com.example.tests
    import org.testng.annotations.Test
    class GroupModificationTests
      void modifySomeGroup()
  UserGroupCreating.java
    package com.example.tests
    import org.testng.annotations.Test
    class UserGroupCreating
      void nonEmptyUserGroupCreation()
      void emptyUserGroupCreation()
  AlsoUserGroupCreating.java
    package com.example.tests
    import org.testng.annotations.Test
    class AlsoUserGroupCreating
      void nonEmptyUserGroupCreation()
      void emptyUserGroupCreation()
  [Working copy] ContactCreation.java
    package com.example.tests
    import org.testng.annotations.Test
    class ContactCreation
      void nonEmptyContactCreation()
      void emptyContactCreation()
  GroupRemovalTests.java
    package com.example.tests
    import org.testng.annotations.Test
    class GroupRemovalTests
      void deleteSomeGroup()
  [Working copy] ContactModificationTests.java
    package com.example.tests
    import org.testng.annotations.Test
    class ContactModificationTests
      void modifySomeContact()
  ContactRemovalTests.java
    package com.example.tests
    import org.testng.annotations.Test
    class ContactRemovalTests
      void deleteSomeContact()

!ENTRY org.testng.eclipse 1 0 2015-07-06 00:05:18.197
!MESSAGE [TestNGLaunchConfigurationDelegate] Launching:
  Classpath: C:\Users\Olga\Documents\GitHub\test-javatesting\addressbook_test_project\bin D:\Olly's documents\Distributives\Selenium\selenium-server-standalone-2.46.0.jar
  VMArgs:    -ea
  Class:     org.testng.remote.RemoteTestNG
  Args:      -serport 61493 -d C:\Users\Olga\Documents\GitHub\test-javatesting\addressbook_test_project\test-output C:\Users\Olga\AppData\Local\Temp\testng-eclipse--1007372550\testng-customsuite.xml
java -ea -classpath C:\Users\Olga\Documents\GitHub\test-javatesting\addressbook_test_project\bin:D:\Olly's documents\Distributives\Selenium\selenium-server-standalone-2.46.0.jar org.testng.remote.RemoteTestNG -serport 61493 -d C:\Users\Olga\Documents\GitHub\test-javatesting\addressbook_test_project\test-output C:\Users\Olga\AppData\Local\Temp\testng-eclipse--1007372550\testng-customsuite.xml
